<?xml version="1.0" encoding="UTF-8"?>
<testsuite xmlns:xsi="http://www.w3.org/2001/XMLSchema-instance" xsi:noNamespaceSchemaLocation="https://maven.apache.org/surefire/maven-surefire-plugin/xsd/surefire-test-report-3.0.xsd" version="3.0" name="TestSuite" time="7.944" tests="36" errors="0" skipped="31" failures="5">
  <properties>
    <property name="sun.desktop" value="windows"/>
    <property name="awt.toolkit" value="sun.awt.windows.WToolkit"/>
    <property name="file.encoding.pkg" value="sun.io"/>
    <property name="java.specification.version" value="1.8"/>
    <property name="sun.cpu.isalist" value="pentium_pro+mmx pentium_pro pentium+mmx pentium i486 i386 i86"/>
    <property name="sun.jnu.encoding" value="Cp1252"/>
    <property name="java.class.path" value="C:\Users\subh\.jenkins\ECM\target\test-classes;C:\Users\subh\.jenkins\ECM\target\classes;C:\Users\subh\.m2\repository\org\seleniumhq\selenium\selenium-java\3.14.0\selenium-java-3.14.0.jar;C:\Users\subh\.m2\repository\org\seleniumhq\selenium\selenium-api\3.14.0\selenium-api-3.14.0.jar;C:\Users\subh\.m2\repository\org\seleniumhq\selenium\selenium-chrome-driver\3.14.0\selenium-chrome-driver-3.14.0.jar;C:\Users\subh\.m2\repository\org\seleniumhq\selenium\selenium-edge-driver\3.14.0\selenium-edge-driver-3.14.0.jar;C:\Users\subh\.m2\repository\org\seleniumhq\selenium\selenium-firefox-driver\3.14.0\selenium-firefox-driver-3.14.0.jar;C:\Users\subh\.m2\repository\org\seleniumhq\selenium\selenium-ie-driver\3.14.0\selenium-ie-driver-3.14.0.jar;C:\Users\subh\.m2\repository\org\seleniumhq\selenium\selenium-opera-driver\3.14.0\selenium-opera-driver-3.14.0.jar;C:\Users\subh\.m2\repository\org\seleniumhq\selenium\selenium-remote-driver\3.14.0\selenium-remote-driver-3.14.0.jar;C:\Users\subh\.m2\repository\org\seleniumhq\selenium\selenium-safari-driver\3.14.0\selenium-safari-driver-3.14.0.jar;C:\Users\subh\.m2\repository\org\seleniumhq\selenium\selenium-support\3.14.0\selenium-support-3.14.0.jar;C:\Users\subh\.m2\repository\net\bytebuddy\byte-buddy\1.8.15\byte-buddy-1.8.15.jar;C:\Users\subh\.m2\repository\org\apache\commons\commons-exec\1.3\commons-exec-1.3.jar;C:\Users\subh\.m2\repository\commons-codec\commons-codec\1.10\commons-codec-1.10.jar;C:\Users\subh\.m2\repository\commons-logging\commons-logging\1.2\commons-logging-1.2.jar;C:\Users\subh\.m2\repository\org\apache\httpcomponents\httpclient\4.5.5\httpclient-4.5.5.jar;C:\Users\subh\.m2\repository\org\apache\httpcomponents\httpcore\4.4.9\httpcore-4.4.9.jar;C:\Users\subh\.m2\repository\com\squareup\okhttp3\okhttp\3.10.0\okhttp-3.10.0.jar;C:\Users\subh\.m2\repository\com\squareup\okio\okio\1.14.1\okio-1.14.1.jar;C:\Users\subh\.m2\repository\org\testng\testng\6.14.3\testng-6.14.3.jar;C:\Users\subh\.m2\repository\com\beust\jcommander\1.72\jcommander-1.72.jar;C:\Users\subh\.m2\repository\org\apache-extras\beanshell\bsh\2.0b6\bsh-2.0b6.jar;C:\Users\subh\.m2\repository\org\apache\poi\poi\4.1.0\poi-4.1.0.jar;C:\Users\subh\.m2\repository\org\apache\commons\commons-collections4\4.3\commons-collections4-4.3.jar;C:\Users\subh\.m2\repository\org\apache\commons\commons-math3\3.6.1\commons-math3-3.6.1.jar;C:\Users\subh\.m2\repository\org\apache\poi\poi-ooxml\4.1.0\poi-ooxml-4.1.0.jar;C:\Users\subh\.m2\repository\org\apache\poi\poi-ooxml-schemas\4.1.0\poi-ooxml-schemas-4.1.0.jar;C:\Users\subh\.m2\repository\org\apache\xmlbeans\xmlbeans\3.1.0\xmlbeans-3.1.0.jar;C:\Users\subh\.m2\repository\org\apache\commons\commons-compress\1.18\commons-compress-1.18.jar;C:\Users\subh\.m2\repository\com\github\virtuald\curvesapi\1.06\curvesapi-1.06.jar;C:\Users\subh\.m2\repository\com\google\guava\guava\27.1-jre\guava-27.1-jre.jar;C:\Users\subh\.m2\repository\com\google\guava\failureaccess\1.0.1\failureaccess-1.0.1.jar;C:\Users\subh\.m2\repository\com\google\guava\listenablefuture\9999.0-empty-to-avoid-conflict-with-guava\listenablefuture-9999.0-empty-to-avoid-conflict-with-guava.jar;C:\Users\subh\.m2\repository\com\google\code\findbugs\jsr305\3.0.2\jsr305-3.0.2.jar;C:\Users\subh\.m2\repository\org\checkerframework\checker-qual\2.5.2\checker-qual-2.5.2.jar;C:\Users\subh\.m2\repository\com\google\errorprone\error_prone_annotations\2.2.0\error_prone_annotations-2.2.0.jar;C:\Users\subh\.m2\repository\com\google\j2objc\j2objc-annotations\1.1\j2objc-annotations-1.1.jar;C:\Users\subh\.m2\repository\org\codehaus\mojo\animal-sniffer-annotations\1.17\animal-sniffer-annotations-1.17.jar;C:\Users\subh\.m2\repository\com\relevantcodes\extentreports\2.41.2\extentreports-2.41.2.jar;C:\Users\subh\.m2\repository\org\jsoup\jsoup\1.8.3\jsoup-1.8.3.jar;C:\Users\subh\.m2\repository\org\xerial\sqlite-jdbc\3.8.11.1\sqlite-jdbc-3.8.11.1.jar;C:\Users\subh\.m2\repository\org\freemarker\freemarker\2.3.23\freemarker-2.3.23.jar;C:\Users\subh\.m2\repository\org\mongodb\mongodb-driver\3.0.4\mongodb-driver-3.0.4.jar;C:\Users\subh\.m2\repository\org\mongodb\bson\3.0.4\bson-3.0.4.jar;C:\Users\subh\.m2\repository\org\mongodb\mongodb-driver-core\3.0.4\mongodb-driver-core-3.0.4.jar;C:\Users\subh\.m2\repository\commons-io\commons-io\2.1\commons-io-2.1.jar;C:\Users\subh\.m2\repository\org\apache\logging\log4j\log4j-api\2.13.0\log4j-api-2.13.0.jar;C:\Users\subh\.m2\repository\org\apache\logging\log4j\log4j-core\2.13.0\log4j-core-2.13.0.jar;"/>
    <property name="java.vm.vendor" value="Oracle Corporation"/>
    <property name="sun.arch.data.model" value="32"/>
    <property name="user.variant" value=""/>
    <property name="java.vendor.url" value="http://java.oracle.com/"/>
    <property name="user.timezone" value="Asia/Calcutta"/>
    <property name="org.apache.logging.log4j.assignedSequences" value="7901"/>
    <property name="java.vm.specification.version" value="1.8"/>
    <property name="browserName" value="Chrome"/>
    <property name="os.name" value="Windows 10"/>
    <property name="user.country" value="IN"/>
    <property name="sun.java.launcher" value="SUN_STANDARD"/>
    <property name="sun.boot.library.path" value="C:\Program Files (x86)\Java\jdk1.8.0_231\jre\bin"/>
    <property name="sun.java.command" value="C:\Users\subh\AppData\Local\Temp\surefire5397978062061329563\surefirebooter155100678301663886.jar C:\Users\subh\AppData\Local\Temp\surefire5397978062061329563 2020-01-26T23-02-46_111-jvmRun1 surefire6666955777714054568tmp surefire_06254044677099490136tmp"/>
    <property name="surefire.test.class.path" value="C:\Users\subh\.jenkins\ECM\target\test-classes;C:\Users\subh\.jenkins\ECM\target\classes;C:\Users\subh\.m2\repository\org\seleniumhq\selenium\selenium-java\3.14.0\selenium-java-3.14.0.jar;C:\Users\subh\.m2\repository\org\seleniumhq\selenium\selenium-api\3.14.0\selenium-api-3.14.0.jar;C:\Users\subh\.m2\repository\org\seleniumhq\selenium\selenium-chrome-driver\3.14.0\selenium-chrome-driver-3.14.0.jar;C:\Users\subh\.m2\repository\org\seleniumhq\selenium\selenium-edge-driver\3.14.0\selenium-edge-driver-3.14.0.jar;C:\Users\subh\.m2\repository\org\seleniumhq\selenium\selenium-firefox-driver\3.14.0\selenium-firefox-driver-3.14.0.jar;C:\Users\subh\.m2\repository\org\seleniumhq\selenium\selenium-ie-driver\3.14.0\selenium-ie-driver-3.14.0.jar;C:\Users\subh\.m2\repository\org\seleniumhq\selenium\selenium-opera-driver\3.14.0\selenium-opera-driver-3.14.0.jar;C:\Users\subh\.m2\repository\org\seleniumhq\selenium\selenium-remote-driver\3.14.0\selenium-remote-driver-3.14.0.jar;C:\Users\subh\.m2\repository\org\seleniumhq\selenium\selenium-safari-driver\3.14.0\selenium-safari-driver-3.14.0.jar;C:\Users\subh\.m2\repository\org\seleniumhq\selenium\selenium-support\3.14.0\selenium-support-3.14.0.jar;C:\Users\subh\.m2\repository\net\bytebuddy\byte-buddy\1.8.15\byte-buddy-1.8.15.jar;C:\Users\subh\.m2\repository\org\apache\commons\commons-exec\1.3\commons-exec-1.3.jar;C:\Users\subh\.m2\repository\commons-codec\commons-codec\1.10\commons-codec-1.10.jar;C:\Users\subh\.m2\repository\commons-logging\commons-logging\1.2\commons-logging-1.2.jar;C:\Users\subh\.m2\repository\org\apache\httpcomponents\httpclient\4.5.5\httpclient-4.5.5.jar;C:\Users\subh\.m2\repository\org\apache\httpcomponents\httpcore\4.4.9\httpcore-4.4.9.jar;C:\Users\subh\.m2\repository\com\squareup\okhttp3\okhttp\3.10.0\okhttp-3.10.0.jar;C:\Users\subh\.m2\repository\com\squareup\okio\okio\1.14.1\okio-1.14.1.jar;C:\Users\subh\.m2\repository\org\testng\testng\6.14.3\testng-6.14.3.jar;C:\Users\subh\.m2\repository\com\beust\jcommander\1.72\jcommander-1.72.jar;C:\Users\subh\.m2\repository\org\apache-extras\beanshell\bsh\2.0b6\bsh-2.0b6.jar;C:\Users\subh\.m2\repository\org\apache\poi\poi\4.1.0\poi-4.1.0.jar;C:\Users\subh\.m2\repository\org\apache\commons\commons-collections4\4.3\commons-collections4-4.3.jar;C:\Users\subh\.m2\repository\org\apache\commons\commons-math3\3.6.1\commons-math3-3.6.1.jar;C:\Users\subh\.m2\repository\org\apache\poi\poi-ooxml\4.1.0\poi-ooxml-4.1.0.jar;C:\Users\subh\.m2\repository\org\apache\poi\poi-ooxml-schemas\4.1.0\poi-ooxml-schemas-4.1.0.jar;C:\Users\subh\.m2\repository\org\apache\xmlbeans\xmlbeans\3.1.0\xmlbeans-3.1.0.jar;C:\Users\subh\.m2\repository\org\apache\commons\commons-compress\1.18\commons-compress-1.18.jar;C:\Users\subh\.m2\repository\com\github\virtuald\curvesapi\1.06\curvesapi-1.06.jar;C:\Users\subh\.m2\repository\com\google\guava\guava\27.1-jre\guava-27.1-jre.jar;C:\Users\subh\.m2\repository\com\google\guava\failureaccess\1.0.1\failureaccess-1.0.1.jar;C:\Users\subh\.m2\repository\com\google\guava\listenablefuture\9999.0-empty-to-avoid-conflict-with-guava\listenablefuture-9999.0-empty-to-avoid-conflict-with-guava.jar;C:\Users\subh\.m2\repository\com\google\code\findbugs\jsr305\3.0.2\jsr305-3.0.2.jar;C:\Users\subh\.m2\repository\org\checkerframework\checker-qual\2.5.2\checker-qual-2.5.2.jar;C:\Users\subh\.m2\repository\com\google\errorprone\error_prone_annotations\2.2.0\error_prone_annotations-2.2.0.jar;C:\Users\subh\.m2\repository\com\google\j2objc\j2objc-annotations\1.1\j2objc-annotations-1.1.jar;C:\Users\subh\.m2\repository\org\codehaus\mojo\animal-sniffer-annotations\1.17\animal-sniffer-annotations-1.17.jar;C:\Users\subh\.m2\repository\com\relevantcodes\extentreports\2.41.2\extentreports-2.41.2.jar;C:\Users\subh\.m2\repository\org\jsoup\jsoup\1.8.3\jsoup-1.8.3.jar;C:\Users\subh\.m2\repository\org\xerial\sqlite-jdbc\3.8.11.1\sqlite-jdbc-3.8.11.1.jar;C:\Users\subh\.m2\repository\org\freemarker\freemarker\2.3.23\freemarker-2.3.23.jar;C:\Users\subh\.m2\repository\org\mongodb\mongodb-driver\3.0.4\mongodb-driver-3.0.4.jar;C:\Users\subh\.m2\repository\org\mongodb\bson\3.0.4\bson-3.0.4.jar;C:\Users\subh\.m2\repository\org\mongodb\mongodb-driver-core\3.0.4\mongodb-driver-core-3.0.4.jar;C:\Users\subh\.m2\repository\commons-io\commons-io\2.1\commons-io-2.1.jar;C:\Users\subh\.m2\repository\org\apache\logging\log4j\log4j-api\2.13.0\log4j-api-2.13.0.jar;C:\Users\subh\.m2\repository\org\apache\logging\log4j\log4j-core\2.13.0\log4j-core-2.13.0.jar;"/>
    <property name="sun.cpu.endian" value="little"/>
    <property name="user.home" value="C:\Users\subh"/>
    <property name="user.language" value="en"/>
    <property name="java.specification.vendor" value="Oracle Corporation"/>
    <property name="java.home" value="C:\Program Files (x86)\Java\jdk1.8.0_231\jre"/>
    <property name="basedir" value="C:\Users\subh\.jenkins\ECM"/>
    <property name="file.separator" value="\"/>
    <property name="line.separator" value="&#10;"/>
    <property name="java.vm.specification.vendor" value="Oracle Corporation"/>
    <property name="java.specification.name" value="Java Platform API Specification"/>
    <property name="java.awt.graphicsenv" value="sun.awt.Win32GraphicsEnvironment"/>
    <property name="surefire.real.class.path" value="C:\Users\subh\AppData\Local\Temp\surefire5397978062061329563\surefirebooter155100678301663886.jar"/>
    <property name="sun.boot.class.path" value="C:\Program Files (x86)\Java\jdk1.8.0_231\jre\lib\resources.jar;C:\Program Files (x86)\Java\jdk1.8.0_231\jre\lib\rt.jar;C:\Program Files (x86)\Java\jdk1.8.0_231\jre\lib\sunrsasign.jar;C:\Program Files (x86)\Java\jdk1.8.0_231\jre\lib\jsse.jar;C:\Program Files (x86)\Java\jdk1.8.0_231\jre\lib\jce.jar;C:\Program Files (x86)\Java\jdk1.8.0_231\jre\lib\charsets.jar;C:\Program Files (x86)\Java\jdk1.8.0_231\jre\lib\jfr.jar;C:\Program Files (x86)\Java\jdk1.8.0_231\jre\classes"/>
    <property name="user.script" value=""/>
    <property name="sun.management.compiler" value="HotSpot Client Compiler"/>
    <property name="java.runtime.version" value="1.8.0_231-b11"/>
    <property name="user.name" value="subh"/>
    <property name="path.separator" value=";"/>
    <property name="os.version" value="10.0"/>
    <property name="java.endorsed.dirs" value="C:\Program Files (x86)\Java\jdk1.8.0_231\jre\lib\endorsed"/>
    <property name="java.runtime.name" value="Java(TM) SE Runtime Environment"/>
    <property name="file.encoding" value="Cp1252"/>
    <property name="java.vm.name" value="Java HotSpot(TM) Client VM"/>
    <property name="localRepository" value="C:\Users\subh\.m2\repository"/>
    <property name="java.vendor.url.bug" value="http://bugreport.sun.com/bugreport/"/>
    <property name="java.io.tmpdir" value="C:\Users\subh\AppData\Local\Temp\"/>
    <property name="java.version" value="1.8.0_231"/>
    <property name="user.dir" value="C:\Users\subh\.jenkins\ECM"/>
    <property name="os.arch" value="x86"/>
    <property name="java.vm.specification.name" value="Java Virtual Machine Specification"/>
    <property name="java.awt.printerjob" value="sun.awt.windows.WPrinterJob"/>
    <property name="sun.os.patch.level" value=""/>
    <property name="java.library.path" value="C:\Program Files (x86)\Java\jdk1.8.0_231\jre\bin;C:\WINDOWS\Sun\Java\bin;C:\WINDOWS\system32;C:\WINDOWS;C:\Users\subh\.jenkins\tools\hudson.tasks.Maven_MavenInstallation\Test_Maven/bin;C:\Program Files (x86)\Common Files\Oracle\Java\javapath;C:\WINDOWS\system32;C:\WINDOWS;C:\WINDOWS\System32\Wbem;C:\WINDOWS\System32\WindowsPowerShell\v1.0\;C:\WINDOWS\System32\OpenSSH\;C:\apache-maven-3.6.0\bin;C:\Program Files\Git\cmd;C:\Users\subh\AppData\Local\Microsoft\WindowsApps;."/>
    <property name="java.vm.info" value="mixed mode"/>
    <property name="java.vendor" value="Oracle Corporation"/>
    <property name="java.vm.version" value="25.231-b11"/>
    <property name="java.ext.dirs" value="C:\Program Files (x86)\Java\jdk1.8.0_231\jre\lib\ext;C:\WINDOWS\Sun\Java\lib\ext"/>
    <property name="sun.io.unicode.encoding" value="UnicodeLittle"/>
    <property name="java.class.version" value="52.0"/>
  </properties>
  <testcase name="setUp" classname="com.cm.qa.testcases.UsernamePageTests" time="4.711">
    <failure type="java.lang.NullPointerException"><![CDATA[java.lang.NullPointerException
	at com.cm.qa.testcases.UsernamePageTests.setUp(UsernamePageTests.java:22)
]]></failure>
    <system-out><![CDATA[[TestNGContentHandler] [WARN] It is strongly recommended to add "<!DOCTYPE suite SYSTEM "http://testng.org/testng-1.0.dtd" >" at the top of your file, otherwise TestNG may fail or not work as expected.
]]></system-out>
  </testcase>
  <testcase name="usernameScreenCMLogoImageTest" classname="com.cm.qa.testcases.UsernamePageTests" time="0">
    <skipped/>
  </testcase>
  <testcase name="blankUsernameTest" classname="com.cm.qa.testcases.UsernamePageTests" time="0">
    <skipped/>
  </testcase>
  <testcase name="verifyUserNameScreenFooterText" classname="com.cm.qa.testcases.UsernamePageTests" time="0">
    <skipped/>
  </testcase>
  <testcase name="validUsernameTest" classname="com.cm.qa.testcases.UsernamePageTests" time="0">
    <skipped/>
  </testcase>
  <testcase name="tearDown" classname="com.cm.qa.testcases.UsernamePageTests" time="0">
    <skipped/>
  </testcase>
  <testcase name="setUp" classname="com.cm.qa.testcases.PasswordPageTests" time="4.729">
    <failure type="java.lang.NullPointerException"><![CDATA[java.lang.NullPointerException
	at com.cm.qa.testcases.PasswordPageTests.setUp(PasswordPageTests.java:21)
]]></failure>
  </testcase>
  <testcase name="verifyUsernameLabelTest" classname="com.cm.qa.testcases.PasswordPageTests" time="0">
    <skipped/>
  </testcase>
  <testcase name="blankPasswordTest" classname="com.cm.qa.testcases.PasswordPageTests" time="0">
    <skipped/>
  </testcase>
  <testcase name="invalidPasswordTest" classname="com.cm.qa.testcases.PasswordPageTests" time="0">
    <skipped/>
  </testcase>
  <testcase name="verifyPasswordScreenFooterTextTest" classname="com.cm.qa.testcases.PasswordPageTests" time="0">
    <skipped/>
  </testcase>
  <testcase name="validPasswordTest" classname="com.cm.qa.testcases.PasswordPageTests" time="0">
    <skipped/>
  </testcase>
  <testcase name="tearDown" classname="com.cm.qa.testcases.PasswordPageTests" time="0">
    <skipped/>
  </testcase>
  <testcase name="setUp" classname="com.cm.qa.testcases.DashboardPageTests" time="4.955">
    <failure type="java.lang.NullPointerException"><![CDATA[java.lang.NullPointerException
	at com.cm.qa.testcases.DashboardPageTests.setUp(DashboardPageTests.java:21)
]]></failure>
  </testcase>
  <testcase name="verifyLandingPageTest" classname="com.cm.qa.testcases.DashboardPageTests" time="0">
    <skipped/>
  </testcase>
  <testcase name="validateContractListLinkTest" classname="com.cm.qa.testcases.DashboardPageTests" time="0">
    <skipped/>
  </testcase>
  <testcase name="validateDocSearchLinkTest" classname="com.cm.qa.testcases.DashboardPageTests" time="0">
    <skipped/>
  </testcase>
  <testcase name="validateNotificationLinkTest" classname="com.cm.qa.testcases.DashboardPageTests" time="0">
    <skipped/>
  </testcase>
  <testcase name="tearDown" classname="com.cm.qa.testcases.DashboardPageTests" time="0">
    <skipped/>
  </testcase>
  <testcase name="setUp" classname="com.cm.qa.testcases.ContractListPageTests" time="4.957">
    <failure type="java.lang.NullPointerException"><![CDATA[java.lang.NullPointerException
	at com.cm.qa.testcases.ContractListPageTests.setUp(ContractListPageTests.java:21)
]]></failure>
  </testcase>
  <testcase name="validateAddContractButtonTest" classname="com.cm.qa.testcases.ContractListPageTests" time="0">
    <skipped/>
  </testcase>
  <testcase name="tearDown" classname="com.cm.qa.testcases.ContractListPageTests" time="0">
    <skipped/>
  </testcase>
  <testcase name="setUp" classname="com.cm.qa.testcases.ProfilePageTests" time="4.958">
    <failure type="java.lang.NullPointerException"><![CDATA[java.lang.NullPointerException
	at com.cm.qa.testcases.ProfilePageTests.setUp(ProfilePageTests.java:22)
]]></failure>
  </testcase>
  <testcase name="updateProfilePicture" classname="com.cm.qa.testcases.ProfilePageTests" time="0">
    <skipped/>
  </testcase>
  <testcase name="invalidFirstNameTest" classname="com.cm.qa.testcases.ProfilePageTests" time="0">
    <skipped/>
  </testcase>
  <testcase name="invalidFirstNameTest" classname="com.cm.qa.testcases.ProfilePageTests" time="0">
    <skipped/>
  </testcase>
  <testcase name="invalidFirstNameTest" classname="com.cm.qa.testcases.ProfilePageTests" time="0">
    <skipped/>
  </testcase>
  <testcase name="invalidLastNameTest" classname="com.cm.qa.testcases.ProfilePageTests" time="0">
    <skipped/>
  </testcase>
  <testcase name="invalidLastNameTest" classname="com.cm.qa.testcases.ProfilePageTests" time="0">
    <skipped/>
  </testcase>
  <testcase name="invalidLastNameTest" classname="com.cm.qa.testcases.ProfilePageTests" time="0">
    <skipped/>
  </testcase>
  <testcase name="updateUserNameTest" classname="com.cm.qa.testcases.ProfilePageTests" time="0">
    <skipped/>
  </testcase>
  <testcase name="updateUserNameTest" classname="com.cm.qa.testcases.ProfilePageTests" time="0">
    <skipped/>
  </testcase>
  <testcase name="updateUserNameTest" classname="com.cm.qa.testcases.ProfilePageTests" time="0">
    <skipped/>
  </testcase>
  <testcase name="updateUserNameTest" classname="com.cm.qa.testcases.ProfilePageTests" time="0">
    <skipped/>
  </testcase>
  <testcase name="updateUserNameTest" classname="com.cm.qa.testcases.ProfilePageTests" time="0">
    <skipped/>
  </testcase>
  <testcase name="tearDown" classname="com.cm.qa.testcases.ProfilePageTests" time="0">
    <skipped/>
  </testcase>
</testsuite>