<?xml version="1.0" encoding="UTF-8"?>
<!-- Generated by org.testng.reporters.JUnitReportReporter -->
<testsuite skipped="0" hostname="SBR-DEVPQA-12" name="com.cm.qa.testcases.DocumentsPageTests" tests="8" failures="0" timestamp="16 Dec 2019 11:12:05 GMT" time="261.713" errors="0">
  <testcase name="addDocument" time="33.093" classname="com.cm.qa.testcases.DocumentsPageTests"/>
  <testcase name="addDocument" time="32.324" classname="com.cm.qa.testcases.DocumentsPageTests"/>
  <testcase name="addDocument" time="32.589" classname="com.cm.qa.testcases.DocumentsPageTests"/>
  <testcase name="addDocument" time="33.105" classname="com.cm.qa.testcases.DocumentsPageTests"/>
  <testcase name="addDocument" time="33.908" classname="com.cm.qa.testcases.DocumentsPageTests"/>
  <testcase name="addDocument" time="33.184" classname="com.cm.qa.testcases.DocumentsPageTests"/>
  <testcase name="addDocument" time="31.364" classname="com.cm.qa.testcases.DocumentsPageTests"/>
  <testcase name="addDocument" time="32.146" classname="com.cm.qa.testcases.DocumentsPageTests"/>
</testsuite> <!-- com.cm.qa.testcases.DocumentsPageTests -->
