<?xml version="1.0" encoding="UTF-8"?>
<!-- Generated by org.testng.reporters.JUnitReportReporter -->
<testsuite skipped="1" hostname="SBR-DEVPQA-12" name="com.cm.qa.testcases.ContractListPageTests" tests="2" failures="0" timestamp="30 Jul 2019 07:12:58 GMT" time="20.207" errors="0">
  <testcase name="validateAddContractButtonTest" time="20.207" classname="com.cm.qa.testcases.ContractListPageTests"/>
  <testcase name="validateEditContractIconTest" classname="com.cm.qa.testcases.ContractListPageTests">
    <skipped/>
  </testcase> <!-- validateEditContractIconTest -->
</testsuite> <!-- com.cm.qa.testcases.ContractListPageTests -->
