<?xml version="1.0" encoding="UTF-8"?>
<!-- Generated by org.testng.reporters.JUnitReportReporter -->
<testsuite skipped="0" hostname="SBR-DEVPQA-12" name="com.cm.qa.testcases.PasswordPageTests" tests="5" failures="0" timestamp="30 Jul 2019 07:12:58 GMT" time="77.861" errors="0">
  <testcase name="verifyUsernameLabelTest" time="14.095" classname="com.cm.qa.testcases.PasswordPageTests"/>
  <testcase name="blankPasswordTest" time="14.605" classname="com.cm.qa.testcases.PasswordPageTests"/>
  <testcase name="invalidPasswordTest" time="16.472" classname="com.cm.qa.testcases.PasswordPageTests"/>
  <testcase name="validPasswordTest" time="18.481" classname="com.cm.qa.testcases.PasswordPageTests"/>
  <testcase name="verifyFooterTextTest" time="14.208" classname="com.cm.qa.testcases.PasswordPageTests"/>
</testsuite> <!-- com.cm.qa.testcases.PasswordPageTests -->
