<?xml version="1.0" encoding="UTF-8"?>
<!-- Generated by org.testng.reporters.JUnitReportReporter -->
<testsuite skipped="0" hostname="SBR-DEVPQA-12" name="com.cm.qa.testcases.SLAPageTests" tests="7" failures="0" timestamp="23 Dec 2019 06:01:56 GMT" time="125.373" errors="0">
  <testcase name="addTATTest" time="17.264" classname="com.cm.qa.testcases.SLAPageTests"/>
  <testcase name="addTATTest" time="18.899" classname="com.cm.qa.testcases.SLAPageTests"/>
  <testcase name="addTATTest" time="17.324" classname="com.cm.qa.testcases.SLAPageTests"/>
  <testcase name="addQualityTest" time="20.453" classname="com.cm.qa.testcases.SLAPageTests"/>
  <testcase name="addQualityTest" time="19.722" classname="com.cm.qa.testcases.SLAPageTests"/>
  <testcase name="addUptimeTest" time="15.531" classname="com.cm.qa.testcases.SLAPageTests"/>
  <testcase name="addUptimeTest" time="16.180" classname="com.cm.qa.testcases.SLAPageTests"/>
</testsuite> <!-- com.cm.qa.testcases.SLAPageTests -->
