<?xml version="1.0" encoding="UTF-8"?>
<!-- Generated by org.testng.reporters.JUnitReportReporter -->
<testsuite skipped="0" hostname="DESKTOP-KAC3CU8" name="com.cm.qa.testcases.PasswordPageTests" tests="5" failures="0" timestamp="21 Dec 2019 02:44:56 GMT" time="10.979" errors="0">
  <testcase name="verifyUsernameLabelTest" time="0.224" classname="com.cm.qa.testcases.PasswordPageTests"/>
  <testcase name="blankPasswordTest" time="0.878" classname="com.cm.qa.testcases.PasswordPageTests"/>
  <testcase name="invalidPasswordTest" time="5.695" classname="com.cm.qa.testcases.PasswordPageTests"/>
  <testcase name="verifyFooterTextTest" time="0.140" classname="com.cm.qa.testcases.PasswordPageTests"/>
  <testcase name="validPasswordTest" time="4.042" classname="com.cm.qa.testcases.PasswordPageTests"/>
</testsuite> <!-- com.cm.qa.testcases.PasswordPageTests -->
