<?xml version="1.0" encoding="UTF-8"?>
<!-- Generated by org.testng.reporters.JUnitReportReporter -->
<testsuite skipped="0" hostname="SBR-DEVPQA-12" name="com.cm.qa.testcases.ContactPersonsPageTests" tests="22" failures="0" timestamp="23 Dec 2019 06:01:56 GMT" time="270.565" errors="0">
  <testcase name="verifyInvalidPersonNameTest" time="9.797" classname="com.cm.qa.testcases.ContactPersonsPageTests"/>
  <testcase name="verifyInvalidPersonNameTest" time="9.900" classname="com.cm.qa.testcases.ContactPersonsPageTests"/>
  <testcase name="verifyInvalidPersonNameTest" time="9.831" classname="com.cm.qa.testcases.ContactPersonsPageTests"/>
  <testcase name="verifyInvalidPersonNameTest" time="11.223" classname="com.cm.qa.testcases.ContactPersonsPageTests"/>
  <testcase name="verifyInvalidEmailTest" time="9.965" classname="com.cm.qa.testcases.ContactPersonsPageTests"/>
  <testcase name="verifyInvalidEmailTest" time="9.916" classname="com.cm.qa.testcases.ContactPersonsPageTests"/>
  <testcase name="verifyInvalidEmailTest" time="10.084" classname="com.cm.qa.testcases.ContactPersonsPageTests"/>
  <testcase name="verifyInvalidEmailTest" time="10.145" classname="com.cm.qa.testcases.ContactPersonsPageTests"/>
  <testcase name="verifyInvalidPhoneNumberTest" time="12.329" classname="com.cm.qa.testcases.ContactPersonsPageTests"/>
  <testcase name="verifyInvalidPhoneNumberTest" time="12.363" classname="com.cm.qa.testcases.ContactPersonsPageTests"/>
  <testcase name="verifyInvalidPhoneNumberTest" time="12.398" classname="com.cm.qa.testcases.ContactPersonsPageTests"/>
  <testcase name="verifyInvalidPhoneNumberTest" time="12.349" classname="com.cm.qa.testcases.ContactPersonsPageTests"/>
  <testcase name="addNewFunctionTest" time="12.018" classname="com.cm.qa.testcases.ContactPersonsPageTests"/>
  <testcase name="duplicateFunctionNameTest" time="11.421" classname="com.cm.qa.testcases.ContactPersonsPageTests"/>
  <testcase name="blankFunctionNameTest" time="10.563" classname="com.cm.qa.testcases.ContactPersonsPageTests"/>
  <testcase name="addContactPersonsTest" time="15.703" classname="com.cm.qa.testcases.ContactPersonsPageTests"/>
  <testcase name="addContactPersonsTest" time="15.834" classname="com.cm.qa.testcases.ContactPersonsPageTests"/>
  <testcase name="addContactPersonsTest" time="15.817" classname="com.cm.qa.testcases.ContactPersonsPageTests"/>
  <testcase name="addContactPersonsTest" time="15.747" classname="com.cm.qa.testcases.ContactPersonsPageTests"/>
  <testcase name="addContactPersonsTest" time="16.162" classname="com.cm.qa.testcases.ContactPersonsPageTests"/>
  <testcase name="editContactPersonTest" time="17.532" classname="com.cm.qa.testcases.ContactPersonsPageTests"/>
  <testcase name="deleteContactPersonTest" time="9.468" classname="com.cm.qa.testcases.ContactPersonsPageTests"/>
</testsuite> <!-- com.cm.qa.testcases.ContactPersonsPageTests -->
