<?xml version="1.0" encoding="UTF-8"?>
<!-- Generated by org.testng.reporters.JUnitReportReporter -->
<testsuite skipped="0" hostname="DESKTOP-KAC3CU8" name="com.cm.qa.testcases.UsernamePageTests" tests="4" failures="0" timestamp="21 Dec 2019 02:44:00 GMT" time="1.930" errors="0">
  <testcase name="usernameScreenCMLogoImageTest" time="0.102" classname="com.cm.qa.testcases.UsernamePageTests"/>
  <testcase name="blankUsernameTest" time="0.814" classname="com.cm.qa.testcases.UsernamePageTests"/>
  <testcase name="verifyFooterText" time="0.154" classname="com.cm.qa.testcases.UsernamePageTests"/>
  <testcase name="validUsernameTest" time="0.860" classname="com.cm.qa.testcases.UsernamePageTests"/>
</testsuite> <!-- com.cm.qa.testcases.UsernamePageTests -->
