<?xml version="1.0" encoding="UTF-8"?>
<!-- Generated by org.testng.reporters.JUnitReportReporter -->
<testsuite skipped="0" hostname="SBR-DEVPQA-12" name="com.cm.qa.testcases.OTPLoginPageTests" tests="3" failures="0" timestamp="09 Oct 2019 07:06:10 GMT" time="81.372" errors="0">
  <testcase name="emptyOTPTest" time="18.196" classname="com.cm.qa.testcases.OTPLoginPageTests"/>
  <testcase name="invalidOTPTest" time="19.653" classname="com.cm.qa.testcases.OTPLoginPageTests"/>
  <testcase name="validOTPTest" time="43.523" classname="com.cm.qa.testcases.OTPLoginPageTests"/>
</testsuite> <!-- com.cm.qa.testcases.OTPLoginPageTests -->
