<?xml version="1.0" encoding="UTF-8"?>
<!-- Generated by org.testng.reporters.JUnitReportReporter -->
<testsuite skipped="0" hostname="SBR-DEVPQA-12" name="com.cm.qa.testcases.SLAPageTests" tests="7" failures="0" timestamp="17 Sep 2019 06:39:35 GMT" time="194.927" errors="0">
  <testcase name="addTATTest" time="25.500" classname="com.cm.qa.testcases.SLAPageTests"/>
  <testcase name="addTATTest" time="26.639" classname="com.cm.qa.testcases.SLAPageTests"/>
  <testcase name="addTATTest" time="25.017" classname="com.cm.qa.testcases.SLAPageTests"/>
  <testcase name="addQualityTest" time="33.226" classname="com.cm.qa.testcases.SLAPageTests"/>
  <testcase name="addQualityTest" time="31.346" classname="com.cm.qa.testcases.SLAPageTests"/>
  <testcase name="addUptimeTest" time="27.172" classname="com.cm.qa.testcases.SLAPageTests"/>
  <testcase name="addUptimeTest" time="26.027" classname="com.cm.qa.testcases.SLAPageTests"/>
</testsuite> <!-- com.cm.qa.testcases.SLAPageTests -->
