<?xml version="1.0" encoding="UTF-8"?>
<!-- Generated by org.testng.reporters.JUnitReportReporter -->
<testsuite skipped="0" hostname="SBR-DEVPQA-12" name="com.cm.qa.testcases.ContactPersonsPageTests" tests="22" failures="0" timestamp="16 Dec 2019 11:12:05 GMT" time="293.638" errors="0">
  <testcase name="verifyInvalidPersonNameTest" time="10.413" classname="com.cm.qa.testcases.ContactPersonsPageTests"/>
  <testcase name="verifyInvalidPersonNameTest" time="9.681" classname="com.cm.qa.testcases.ContactPersonsPageTests"/>
  <testcase name="verifyInvalidPersonNameTest" time="9.546" classname="com.cm.qa.testcases.ContactPersonsPageTests"/>
  <testcase name="verifyInvalidPersonNameTest" time="9.697" classname="com.cm.qa.testcases.ContactPersonsPageTests"/>
  <testcase name="verifyInvalidEmailTest" time="9.967" classname="com.cm.qa.testcases.ContactPersonsPageTests"/>
  <testcase name="verifyInvalidEmailTest" time="9.938" classname="com.cm.qa.testcases.ContactPersonsPageTests"/>
  <testcase name="verifyInvalidEmailTest" time="9.758" classname="com.cm.qa.testcases.ContactPersonsPageTests"/>
  <testcase name="verifyInvalidEmailTest" time="9.747" classname="com.cm.qa.testcases.ContactPersonsPageTests"/>
  <testcase name="verifyInvalidPhoneNumberTest" time="12.101" classname="com.cm.qa.testcases.ContactPersonsPageTests"/>
  <testcase name="verifyInvalidPhoneNumberTest" time="12.545" classname="com.cm.qa.testcases.ContactPersonsPageTests"/>
  <testcase name="verifyInvalidPhoneNumberTest" time="12.263" classname="com.cm.qa.testcases.ContactPersonsPageTests"/>
  <testcase name="verifyInvalidPhoneNumberTest" time="12.378" classname="com.cm.qa.testcases.ContactPersonsPageTests"/>
  <testcase name="addNewFunctionTest" time="12.294" classname="com.cm.qa.testcases.ContactPersonsPageTests"/>
  <testcase name="duplicateFunctionNameTest" time="13.448" classname="com.cm.qa.testcases.ContactPersonsPageTests"/>
  <testcase name="blankFunctionNameTest" time="13.453" classname="com.cm.qa.testcases.ContactPersonsPageTests"/>
  <testcase name="addContactPersonsTest" time="29.120" classname="com.cm.qa.testcases.ContactPersonsPageTests"/>
  <testcase name="addContactPersonsTest" time="16.531" classname="com.cm.qa.testcases.ContactPersonsPageTests"/>
  <testcase name="addContactPersonsTest" time="18.571" classname="com.cm.qa.testcases.ContactPersonsPageTests"/>
  <testcase name="addContactPersonsTest" time="15.438" classname="com.cm.qa.testcases.ContactPersonsPageTests"/>
  <testcase name="addContactPersonsTest" time="20.380" classname="com.cm.qa.testcases.ContactPersonsPageTests"/>
  <testcase name="editContactPersonTest" time="17.244" classname="com.cm.qa.testcases.ContactPersonsPageTests"/>
  <testcase name="deleteContactPersonTest" time="9.125" classname="com.cm.qa.testcases.ContactPersonsPageTests"/>
</testsuite> <!-- com.cm.qa.testcases.ContactPersonsPageTests -->
