<?xml version="1.0" encoding="UTF-8"?>
<!-- Generated by org.testng.reporters.JUnitReportReporter -->
<testsuite skipped="26" hostname="SBR-DEVPQA-12" name="com.cm.qa.testcases.GeneralInformationPageTests" tests="27" failures="0" timestamp="21 Jan 2020 09:24:10 GMT" time="13.701" errors="1">
  <testcase name="openGeneralInformationForm" time="13.701" classname="com.cm.qa.testcases.GeneralInformationPageTests">
    <error type="org.openqa.selenium.NoSuchElementException" message="no such element: Unable to locate element: {&quot;method&quot;:&quot;xpath&quot;,&quot;selector&quot;:&quot;//a[@ng-reflect-router-link=&#039;contract-list&#039;]&quot;}
  (Session info: chrome=79.0.3945.117)
For documentation on this error, please visit: http://seleniumhq.org/exceptions/no_such_element.html
Build info: version: &#039;3.14.0&#039;, revision: &#039;aacccce0&#039;, time: &#039;2018-08-02T20:19:58.91Z&#039;
System info: host: &#039;SBR-DEVPQA-12&#039;, ip: &#039;10.182.106.119&#039;, os.name: &#039;Windows 10&#039;, os.arch: &#039;amd64&#039;, os.version: &#039;10.0&#039;, java.version: &#039;1.8.0_112&#039;
Driver info: org.openqa.selenium.chrome.ChromeDriver
Capabilities {acceptInsecureCerts: false, browserName: chrome, browserVersion: 79.0.3945.117, chrome: {chromedriverVersion: 79.0.3945.36 (3582db32b3389..., userDataDir: C:\Users\SUBHAS~1.BHA\AppDa...}, goog:chromeOptions: {debuggerAddress: localhost:49875}, javascriptEnabled: true, networkConnectionEnabled: false, pageLoadStrategy: normal, platform: WINDOWS, platformName: WINDOWS, proxy: Proxy(), setWindowRect: true, strictFileInteractability: false, timeouts: {implicit: 0, pageLoad: 300000, script: 30000}, unhandledPromptBehavior: dismiss and notify}
Session ID: 0d4d2a8eaca9de50841fff0ff9840703
*** Element info: {Using=xpath, value=//a[@ng-reflect-router-link=&#039;contract-list&#039;]}">
      <![CDATA[org.openqa.selenium.NoSuchElementException: no such element: Unable to locate element: {"method":"xpath","selector":"//a[@ng-reflect-router-link='contract-list']"}
  (Session info: chrome=79.0.3945.117)
For documentation on this error, please visit: http://seleniumhq.org/exceptions/no_such_element.html
Build info: version: '3.14.0', revision: 'aacccce0', time: '2018-08-02T20:19:58.91Z'
System info: host: 'SBR-DEVPQA-12', ip: '10.182.106.119', os.name: 'Windows 10', os.arch: 'amd64', os.version: '10.0', java.version: '1.8.0_112'
Driver info: org.openqa.selenium.chrome.ChromeDriver
Capabilities {acceptInsecureCerts: false, browserName: chrome, browserVersion: 79.0.3945.117, chrome: {chromedriverVersion: 79.0.3945.36 (3582db32b3389..., userDataDir: C:\Users\SUBHAS~1.BHA\AppDa...}, goog:chromeOptions: {debuggerAddress: localhost:49875}, javascriptEnabled: true, networkConnectionEnabled: false, pageLoadStrategy: normal, platform: WINDOWS, platformName: WINDOWS, proxy: Proxy(), setWindowRect: true, strictFileInteractability: false, timeouts: {implicit: 0, pageLoad: 300000, script: 30000}, unhandledPromptBehavior: dismiss and notify}
Session ID: 0d4d2a8eaca9de50841fff0ff9840703
*** Element info: {Using=xpath, value=//a[@ng-reflect-router-link='contract-list']}
at sun.reflect.NativeConstructorAccessorImpl.newInstance0(Native Method)
at sun.reflect.NativeConstructorAccessorImpl.newInstance(Unknown Source)
at sun.reflect.DelegatingConstructorAccessorImpl.newInstance(Unknown Source)
at java.lang.reflect.Constructor.newInstance(Unknown Source)
at org.openqa.selenium.remote.http.W3CHttpResponseCodec.createException(W3CHttpResponseCodec.java:187)
at org.openqa.selenium.remote.http.W3CHttpResponseCodec.decode(W3CHttpResponseCodec.java:122)
at org.openqa.selenium.remote.http.W3CHttpResponseCodec.decode(W3CHttpResponseCodec.java:49)
at org.openqa.selenium.remote.HttpCommandExecutor.execute(HttpCommandExecutor.java:158)
at org.openqa.selenium.remote.service.DriverCommandExecutor.execute(DriverCommandExecutor.java:83)
at org.openqa.selenium.remote.RemoteWebDriver.execute(RemoteWebDriver.java:548)
at org.openqa.selenium.remote.RemoteWebDriver.findElement(RemoteWebDriver.java:322)
at org.openqa.selenium.remote.RemoteWebDriver.findElementByXPath(RemoteWebDriver.java:424)
at org.openqa.selenium.By$ByXPath.findElement(By.java:353)
at org.openqa.selenium.remote.RemoteWebDriver.findElement(RemoteWebDriver.java:314)
at org.openqa.selenium.support.pagefactory.DefaultElementLocator.findElement(DefaultElementLocator.java:69)
at org.openqa.selenium.support.pagefactory.internal.LocatingElementHandler.invoke(LocatingElementHandler.java:38)
at com.sun.proxy.$Proxy25.getAttribute(Unknown Source)
at cm.cm.qa.base.ActionClass.clickElement(ActionClass.java:102)
at com.cm.qa.pages.DashboardPage.clickOnContractListLink(DashboardPage.java:59)
at com.cm.qa.pages.DashboardPage.gotoContractListPage(DashboardPage.java:64)
at com.cm.qa.testcases.GeneralInformationPageTests.openGeneralInformationForm(GeneralInformationPageTests.java:34)
at sun.reflect.NativeMethodAccessorImpl.invoke0(Native Method)
at sun.reflect.NativeMethodAccessorImpl.invoke(Unknown Source)
at sun.reflect.DelegatingMethodAccessorImpl.invoke(Unknown Source)
at java.lang.reflect.Method.invoke(Unknown Source)
at org.testng.internal.MethodInvocationHelper.invokeMethod(MethodInvocationHelper.java:124)
at org.testng.internal.MethodInvocationHelper.invokeMethodConsideringTimeout(MethodInvocationHelper.java:59)
at org.testng.internal.Invoker.invokeConfigurationMethod(Invoker.java:458)
at org.testng.internal.Invoker.invokeConfigurations(Invoker.java:222)
at org.testng.internal.Invoker.invokeMethod(Invoker.java:523)
at org.testng.internal.Invoker.invokeTestMethod(Invoker.java:719)
at org.testng.internal.Invoker.invokeTestMethods(Invoker.java:989)
at org.testng.internal.TestMethodWorker.invokeTestMethods(TestMethodWorker.java:125)
at org.testng.internal.TestMethodWorker.run(TestMethodWorker.java:109)
at org.testng.TestRunner.privateRun(TestRunner.java:648)
at org.testng.TestRunner.run(TestRunner.java:505)
at org.testng.SuiteRunner.runTest(SuiteRunner.java:455)
at org.testng.SuiteRunner.runSequentially(SuiteRunner.java:450)
at org.testng.SuiteRunner.privateRun(SuiteRunner.java:415)
at org.testng.SuiteRunner.run(SuiteRunner.java:364)
at org.testng.SuiteRunnerWorker.runSuite(SuiteRunnerWorker.java:52)
at org.testng.SuiteRunnerWorker.run(SuiteRunnerWorker.java:84)
at org.testng.TestNG.runSuitesSequentially(TestNG.java:1208)
at org.testng.TestNG.runSuitesLocally(TestNG.java:1137)
at org.testng.TestNG.runSuites(TestNG.java:1049)
at org.testng.TestNG.run(TestNG.java:1017)
at org.testng.remote.AbstractRemoteTestNG.run(AbstractRemoteTestNG.java:115)
at org.testng.remote.RemoteTestNG.initAndRun(RemoteTestNG.java:251)
at org.testng.remote.RemoteTestNG.main(RemoteTestNG.java:77)
]]>
    </error>
  </testcase> <!-- openGeneralInformationForm -->
  <testcase name="addNewCategoryTest" time="0.000" classname="com.cm.qa.testcases.GeneralInformationPageTests">
    <skipped/>
  </testcase> <!-- addNewCategoryTest -->
  <testcase name="addNewCategoryTest" time="0.000" classname="com.cm.qa.testcases.GeneralInformationPageTests">
    <skipped/>
  </testcase> <!-- addNewCategoryTest -->
  <testcase name="blankCategoryNameTest" time="0.000" classname="com.cm.qa.testcases.GeneralInformationPageTests">
    <skipped/>
  </testcase> <!-- blankCategoryNameTest -->
  <testcase name="duplicateCategoryNameTest" time="0.000" classname="com.cm.qa.testcases.GeneralInformationPageTests">
    <skipped/>
  </testcase> <!-- duplicateCategoryNameTest -->
  <testcase name="addNewSubCategoryTest" time="0.000" classname="com.cm.qa.testcases.GeneralInformationPageTests">
    <skipped/>
  </testcase> <!-- addNewSubCategoryTest -->
  <testcase name="addNewSubCategoryTest" time="0.000" classname="com.cm.qa.testcases.GeneralInformationPageTests">
    <skipped/>
  </testcase> <!-- addNewSubCategoryTest -->
  <testcase name="blankSubCategoryNamesTest" time="0.000" classname="com.cm.qa.testcases.GeneralInformationPageTests">
    <skipped/>
  </testcase> <!-- blankSubCategoryNamesTest -->
  <testcase name="duplicateSubCategoryNameTest" time="0.000" classname="com.cm.qa.testcases.GeneralInformationPageTests">
    <skipped/>
  </testcase> <!-- duplicateSubCategoryNameTest -->
  <testcase name="addNewBusinessPartnerTest" time="0.000" classname="com.cm.qa.testcases.GeneralInformationPageTests">
    <skipped/>
  </testcase> <!-- addNewBusinessPartnerTest -->
  <testcase name="addNewBusinessPartnerTest" time="0.000" classname="com.cm.qa.testcases.GeneralInformationPageTests">
    <skipped/>
  </testcase> <!-- addNewBusinessPartnerTest -->
  <testcase name="addNewBusinessPartnerTest" time="0.000" classname="com.cm.qa.testcases.GeneralInformationPageTests">
    <skipped/>
  </testcase> <!-- addNewBusinessPartnerTest -->
  <testcase name="blankBusinessPartnerNameTest" time="0.000" classname="com.cm.qa.testcases.GeneralInformationPageTests">
    <skipped/>
  </testcase> <!-- blankBusinessPartnerNameTest -->
  <testcase name="duplicateBusinessPartnerNameTest" time="0.000" classname="com.cm.qa.testcases.GeneralInformationPageTests">
    <skipped/>
  </testcase> <!-- duplicateBusinessPartnerNameTest -->
  <testcase name="addNewLegalEntityTest" time="0.000" classname="com.cm.qa.testcases.GeneralInformationPageTests">
    <skipped/>
  </testcase> <!-- addNewLegalEntityTest -->
  <testcase name="addNewLegalEntityTest" time="0.000" classname="com.cm.qa.testcases.GeneralInformationPageTests">
    <skipped/>
  </testcase> <!-- addNewLegalEntityTest -->
  <testcase name="addNewLegalEntityTest" time="0.000" classname="com.cm.qa.testcases.GeneralInformationPageTests">
    <skipped/>
  </testcase> <!-- addNewLegalEntityTest -->
  <testcase name="blankLegalEntityNameTest" time="0.000" classname="com.cm.qa.testcases.GeneralInformationPageTests">
    <skipped/>
  </testcase> <!-- blankLegalEntityNameTest -->
  <testcase name="duplicateLegalEntityNameTest" time="0.000" classname="com.cm.qa.testcases.GeneralInformationPageTests">
    <skipped/>
  </testcase> <!-- duplicateLegalEntityNameTest -->
  <testcase name="addGeneralInformationTest" time="0.000" classname="com.cm.qa.testcases.GeneralInformationPageTests">
    <skipped/>
  </testcase> <!-- addGeneralInformationTest -->
  <testcase name="addGeneralInformationTest" time="0.000" classname="com.cm.qa.testcases.GeneralInformationPageTests">
    <skipped/>
  </testcase> <!-- addGeneralInformationTest -->
  <testcase name="addGeneralInformationTest" time="0.000" classname="com.cm.qa.testcases.GeneralInformationPageTests">
    <skipped/>
  </testcase> <!-- addGeneralInformationTest -->
  <testcase name="addGeneralInformationTest" time="0.000" classname="com.cm.qa.testcases.GeneralInformationPageTests">
    <skipped/>
  </testcase> <!-- addGeneralInformationTest -->
  <testcase name="addGeneralInformationTest" time="0.000" classname="com.cm.qa.testcases.GeneralInformationPageTests">
    <skipped/>
  </testcase> <!-- addGeneralInformationTest -->
  <testcase name="addGeneralInformationTest" time="0.000" classname="com.cm.qa.testcases.GeneralInformationPageTests">
    <skipped/>
  </testcase> <!-- addGeneralInformationTest -->
  <testcase name="addGeneralInformationTest" time="0.000" classname="com.cm.qa.testcases.GeneralInformationPageTests">
    <skipped/>
  </testcase> <!-- addGeneralInformationTest -->
  <testcase name="addGeneralInformationTest" time="0.000" classname="com.cm.qa.testcases.GeneralInformationPageTests">
    <skipped/>
  </testcase> <!-- addGeneralInformationTest -->
</testsuite> <!-- com.cm.qa.testcases.GeneralInformationPageTests -->
