<?xml version="1.0" encoding="UTF-8"?>
<!-- Generated by org.testng.reporters.JUnitReportReporter -->
<testsuite skipped="1" hostname="SBR-DEVPQA-12" name="com.cm.qa.testcases.ContractListPageTests" tests="2" failures="0" timestamp="17 Jan 2020 12:19:45 GMT" time="0.295" errors="0">
  <testcase name="validateAddContractButtonTest" time="0.295" classname="com.cm.qa.testcases.ContractListPageTests"/>
  <testcase name="validateEditContractIconTest" classname="com.cm.qa.testcases.ContractListPageTests">
    <skipped/>
  </testcase> <!-- validateEditContractIconTest -->
</testsuite> <!-- com.cm.qa.testcases.ContractListPageTests -->
