<?xml version="1.0" encoding="UTF-8"?>
<!-- Generated by org.testng.reporters.JUnitReportReporter -->
<testsuite skipped="2" hostname="SBR-DEVPQA-12" name="com.cm.qa.testcases.NotificationPageTests" tests="18" failures="0" timestamp="27 Dec 2019 06:51:57 GMT" time="219.243" errors="0">
  <testcase name="addSimpleNotificationTest" time="13.376" classname="com.cm.qa.testcases.NotificationPageTests"/>
  <testcase name="addSimpleNotificationTest" time="13.643" classname="com.cm.qa.testcases.NotificationPageTests"/>
  <testcase name="addSimpleNotificationTest" time="13.463" classname="com.cm.qa.testcases.NotificationPageTests"/>
  <testcase name="addSimpleNotificationTest" time="14.096" classname="com.cm.qa.testcases.NotificationPageTests"/>
  <testcase name="addSimpleNotificationTest" time="13.747" classname="com.cm.qa.testcases.NotificationPageTests"/>
  <testcase name="addSimpleNotificationTest" time="13.835" classname="com.cm.qa.testcases.NotificationPageTests"/>
  <testcase name="addSimpleNotificationTest" time="13.308" classname="com.cm.qa.testcases.NotificationPageTests"/>
  <testcase name="addSimpleNotificationTest" time="14.620" classname="com.cm.qa.testcases.NotificationPageTests"/>
  <testcase name="addSimpleNotificationTest" time="14.042" classname="com.cm.qa.testcases.NotificationPageTests"/>
  <testcase name="addSimpleNotificationTest" time="13.500" classname="com.cm.qa.testcases.NotificationPageTests"/>
  <testcase name="addSimpleNotificationTest" time="13.425" classname="com.cm.qa.testcases.NotificationPageTests"/>
  <testcase name="addSimpleNotificationTest" time="13.644" classname="com.cm.qa.testcases.NotificationPageTests"/>
  <testcase name="addSimpleNotificationTest" time="13.378" classname="com.cm.qa.testcases.NotificationPageTests"/>
  <testcase name="addSimpleNotificationTest" time="13.295" classname="com.cm.qa.testcases.NotificationPageTests"/>
  <testcase name="addSimpleNotificationTest" time="14.239" classname="com.cm.qa.testcases.NotificationPageTests"/>
  <testcase name="addSimpleNotificationTest" time="13.632" classname="com.cm.qa.testcases.NotificationPageTests"/>
  <testcase name="editSimpleNotificationTest" classname="com.cm.qa.testcases.NotificationPageTests">
    <skipped/>
  </testcase> <!-- editSimpleNotificationTest -->
  <testcase name="deleteNotificationTest" classname="com.cm.qa.testcases.NotificationPageTests">
    <skipped/>
  </testcase> <!-- deleteNotificationTest -->
</testsuite> <!-- com.cm.qa.testcases.NotificationPageTests -->
