<?xml version="1.0" encoding="UTF-8"?>
<!-- Generated by org.testng.reporters.JUnitReportReporter -->
<testsuite skipped="0" hostname="SBR-DEVPQA-12" name="com.cm.qa.testcases.TermPageTests" tests="8" failures="0" timestamp="16 Dec 2019 11:12:05 GMT" time="210.295" errors="0">
  <testcase name="addTermTest" time="30.702" classname="com.cm.qa.testcases.TermPageTests"/>
  <testcase name="addTermTest" time="27.163" classname="com.cm.qa.testcases.TermPageTests"/>
  <testcase name="addTermTest" time="30.276" classname="com.cm.qa.testcases.TermPageTests"/>
  <testcase name="addTermTest" time="26.905" classname="com.cm.qa.testcases.TermPageTests"/>
  <testcase name="addTermTest" time="30.399" classname="com.cm.qa.testcases.TermPageTests"/>
  <testcase name="addTermTest" time="19.367" classname="com.cm.qa.testcases.TermPageTests"/>
  <testcase name="addTermTest" time="18.362" classname="com.cm.qa.testcases.TermPageTests"/>
  <testcase name="addTermTest" time="27.121" classname="com.cm.qa.testcases.TermPageTests"/>
</testsuite> <!-- com.cm.qa.testcases.TermPageTests -->
