<?xml version="1.0" encoding="UTF-8"?>
<!-- Generated by org.testng.reporters.JUnitReportReporter -->
<testsuite skipped="0" hostname="SBR-DEVPQA-12" name="com.cm.qa.testcases.DashboardPageTests" tests="4" failures="0" timestamp="17 Jan 2020 12:18:47 GMT" time="27.455" errors="0">
  <testcase name="verifyLandingPageTest" time="2.689" classname="com.cm.qa.testcases.DashboardPageTests"/>
  <testcase name="validateContractListLinkTest" time="13.845" classname="com.cm.qa.testcases.DashboardPageTests"/>
  <testcase name="validateDocSearchLinkTest" time="10.605" classname="com.cm.qa.testcases.DashboardPageTests"/>
  <testcase name="validateNotificationLinkTest" time="0.316" classname="com.cm.qa.testcases.DashboardPageTests"/>
</testsuite> <!-- com.cm.qa.testcases.DashboardPageTests -->
