<?xml version="1.0" encoding="UTF-8"?>
<!-- Generated by org.testng.reporters.JUnitReportReporter -->
<testsuite skipped="0" hostname="SBR-DEVPQA-12" name="com.cm.qa.testcases.TermPageTests" tests="8" failures="0" timestamp="23 Dec 2019 06:01:56 GMT" time="209.983" errors="0">
  <testcase name="addTermTest" time="27.574" classname="com.cm.qa.testcases.TermPageTests"/>
  <testcase name="addTermTest" time="29.789" classname="com.cm.qa.testcases.TermPageTests"/>
  <testcase name="addTermTest" time="30.368" classname="com.cm.qa.testcases.TermPageTests"/>
  <testcase name="addTermTest" time="19.654" classname="com.cm.qa.testcases.TermPageTests"/>
  <testcase name="addTermTest" time="30.024" classname="com.cm.qa.testcases.TermPageTests"/>
  <testcase name="addTermTest" time="26.656" classname="com.cm.qa.testcases.TermPageTests"/>
  <testcase name="addTermTest" time="27.246" classname="com.cm.qa.testcases.TermPageTests"/>
  <testcase name="addTermTest" time="18.672" classname="com.cm.qa.testcases.TermPageTests"/>
</testsuite> <!-- com.cm.qa.testcases.TermPageTests -->
