<?xml version="1.0" encoding="UTF-8"?>
<!-- Generated by org.testng.reporters.JUnitReportReporter -->
<testsuite skipped="0" hostname="SBR-DEVPQA-12" name="com.cm.qa.testcases.DocumentsPageTests" tests="8" failures="0" timestamp="23 Dec 2019 06:12:00 GMT" time="270.531" errors="0">
  <testcase name="addDocument" time="32.249" classname="com.cm.qa.testcases.DocumentsPageTests"/>
  <testcase name="addDocument" time="32.222" classname="com.cm.qa.testcases.DocumentsPageTests"/>
  <testcase name="addDocument" time="32.471" classname="com.cm.qa.testcases.DocumentsPageTests"/>
  <testcase name="addDocument" time="34.238" classname="com.cm.qa.testcases.DocumentsPageTests"/>
  <testcase name="addDocument" time="33.101" classname="com.cm.qa.testcases.DocumentsPageTests"/>
  <testcase name="addDocument" time="33.787" classname="com.cm.qa.testcases.DocumentsPageTests"/>
  <testcase name="addDocument" time="32.068" classname="com.cm.qa.testcases.DocumentsPageTests"/>
  <testcase name="addDocument" time="40.395" classname="com.cm.qa.testcases.DocumentsPageTests"/>
</testsuite> <!-- com.cm.qa.testcases.DocumentsPageTests -->
