<?xml version="1.0" encoding="UTF-8"?>
<!-- Generated by org.testng.reporters.JUnitReportReporter -->
<testsuite skipped="2" hostname="SBR-DEVPQA-12" name="com.cm.qa.testcases.NotificationPageTests" tests="18" failures="0" timestamp="16 Dec 2019 11:12:05 GMT" time="221.074" errors="0">
  <testcase name="addSimpleNotificationTest" time="13.244" classname="com.cm.qa.testcases.NotificationPageTests"/>
  <testcase name="addSimpleNotificationTest" time="13.663" classname="com.cm.qa.testcases.NotificationPageTests"/>
  <testcase name="addSimpleNotificationTest" time="13.864" classname="com.cm.qa.testcases.NotificationPageTests"/>
  <testcase name="addSimpleNotificationTest" time="13.449" classname="com.cm.qa.testcases.NotificationPageTests"/>
  <testcase name="addSimpleNotificationTest" time="13.398" classname="com.cm.qa.testcases.NotificationPageTests"/>
  <testcase name="addSimpleNotificationTest" time="13.887" classname="com.cm.qa.testcases.NotificationPageTests"/>
  <testcase name="addSimpleNotificationTest" time="13.744" classname="com.cm.qa.testcases.NotificationPageTests"/>
  <testcase name="addSimpleNotificationTest" time="14.214" classname="com.cm.qa.testcases.NotificationPageTests"/>
  <testcase name="addSimpleNotificationTest" time="14.144" classname="com.cm.qa.testcases.NotificationPageTests"/>
  <testcase name="addSimpleNotificationTest" time="12.840" classname="com.cm.qa.testcases.NotificationPageTests"/>
  <testcase name="addSimpleNotificationTest" time="14.678" classname="com.cm.qa.testcases.NotificationPageTests"/>
  <testcase name="addSimpleNotificationTest" time="14.165" classname="com.cm.qa.testcases.NotificationPageTests"/>
  <testcase name="addSimpleNotificationTest" time="14.358" classname="com.cm.qa.testcases.NotificationPageTests"/>
  <testcase name="addSimpleNotificationTest" time="13.484" classname="com.cm.qa.testcases.NotificationPageTests"/>
  <testcase name="addSimpleNotificationTest" time="13.596" classname="com.cm.qa.testcases.NotificationPageTests"/>
  <testcase name="addSimpleNotificationTest" time="14.346" classname="com.cm.qa.testcases.NotificationPageTests"/>
  <testcase name="editSimpleNotificationTest" classname="com.cm.qa.testcases.NotificationPageTests">
    <skipped/>
  </testcase> <!-- editSimpleNotificationTest -->
  <testcase name="deleteNotificationTest" classname="com.cm.qa.testcases.NotificationPageTests">
    <skipped/>
  </testcase> <!-- deleteNotificationTest -->
</testsuite> <!-- com.cm.qa.testcases.NotificationPageTests -->
