<?xml version="1.0" encoding="UTF-8"?>
<!-- Generated by org.testng.reporters.JUnitReportReporter -->
<testsuite skipped="0" hostname="SBR-DEVPQA-12" name="com.cm.qa.testcases.YopmailTests" tests="1" failures="0" timestamp="21 Nov 2019 11:00:17 GMT" time="9.632" errors="0">
  <testcase name="login" time="9.632" classname="com.cm.qa.testcases.YopmailTests"/>
</testsuite> <!-- com.cm.qa.testcases.YopmailTests -->
