<?xml version="1.0" encoding="UTF-8"?>
<!-- Generated by org.testng.reporters.JUnitReportReporter -->
<testsuite skipped="1" hostname="SBR-DEVPQA-12" name="com.cm.qa.testcases.ProfilePageTests" tests="12" failures="0" timestamp="21 Jan 2020 08:25:59 GMT" time="9.591" errors="0">
  <testcase name="invalidFirstNameTest" time="0.389" classname="com.cm.qa.testcases.ProfilePageTests"/>
  <testcase name="invalidFirstNameTest" time="0.393" classname="com.cm.qa.testcases.ProfilePageTests"/>
  <testcase name="invalidFirstNameTest" time="0.461" classname="com.cm.qa.testcases.ProfilePageTests"/>
  <testcase name="invalidLastNameTest" time="0.401" classname="com.cm.qa.testcases.ProfilePageTests"/>
  <testcase name="invalidLastNameTest" time="0.375" classname="com.cm.qa.testcases.ProfilePageTests"/>
  <testcase name="invalidLastNameTest" time="0.400" classname="com.cm.qa.testcases.ProfilePageTests"/>
  <testcase name="updateUserNameTest" time="1.538" classname="com.cm.qa.testcases.ProfilePageTests"/>
  <testcase name="updateUserNameTest" time="0.997" classname="com.cm.qa.testcases.ProfilePageTests"/>
  <testcase name="updateUserNameTest" time="1.281" classname="com.cm.qa.testcases.ProfilePageTests"/>
  <testcase name="updateUserNameTest" time="1.002" classname="com.cm.qa.testcases.ProfilePageTests"/>
  <testcase name="updateUserNameTest" time="2.354" classname="com.cm.qa.testcases.ProfilePageTests"/>
  <testcase name="updateProfilePicture" classname="com.cm.qa.testcases.ProfilePageTests">
    <skipped/>
  </testcase> <!-- updateProfilePicture -->
</testsuite> <!-- com.cm.qa.testcases.ProfilePageTests -->
