<?xml version="1.0" encoding="UTF-8"?>
<!-- Generated by org.testng.reporters.JUnitReportReporter -->
<testsuite skipped="0" hostname="SBR-DEVPQA-12" name="com.cm.qa.testcases.DashboardPageTests" tests="4" failures="0" timestamp="30 Jul 2019 07:12:58 GMT" time="75.785" errors="0">
  <testcase name="verifyLandingPageTest" time="18.314" classname="com.cm.qa.testcases.DashboardPageTests"/>
  <testcase name="validateContractListLinkTest" time="20.250" classname="com.cm.qa.testcases.DashboardPageTests"/>
  <testcase name="validateDocSearchLinkTest" time="18.698" classname="com.cm.qa.testcases.DashboardPageTests"/>
  <testcase name="validateNotificationLinkTest" time="18.523" classname="com.cm.qa.testcases.DashboardPageTests"/>
</testsuite> <!-- com.cm.qa.testcases.DashboardPageTests -->
