<?xml version="1.0" encoding="UTF-8"?>
<!-- Generated by org.testng.reporters.JUnitReportReporter -->
<testsuite skipped="0" hostname="DESKTOP-KAC3CU8" name="com.cm.qa.testcases.DocumentsPageTests" tests="1" failures="0" timestamp="13 Oct 2019 10:27:35 GMT" time="23.537" errors="0">
  <testcase name="addDocument" time="23.537" classname="com.cm.qa.testcases.DocumentsPageTests"/>
</testsuite> <!-- com.cm.qa.testcases.DocumentsPageTests -->
