<?xml version="1.0" encoding="UTF-8"?>
<!-- Generated by org.testng.reporters.JUnitReportReporter -->
<testsuite skipped="6" hostname="SBR-DEVPQA-12" name="com.cm.qa.testcases.CommercialsPageTests" tests="28" failures="1" timestamp="16 Sep 2019 10:07:21 GMT" time="631.665" errors="2">
  <testcase name="addServiceTest" time="26.782" classname="com.cm.qa.testcases.CommercialsPageTests"/>
  <testcase name="addSubServiceTest" time="25.478" classname="com.cm.qa.testcases.CommercialsPageTests">
    <failure type="java.lang.AssertionError" message="expected [Sub Service successfully created
Operation Success] but found [Sub service successfully created
Operation Success]">
      <![CDATA[java.lang.AssertionError: expected [Sub Service successfully created
Operation Success] but found [Sub service successfully created
Operation Success]
at org.testng.Assert.fail(Assert.java:96)
at org.testng.Assert.failNotEquals(Assert.java:776)
at org.testng.Assert.assertEqualsImpl(Assert.java:137)
at org.testng.Assert.assertEquals(Assert.java:118)
at org.testng.Assert.assertEquals(Assert.java:453)
at org.testng.Assert.assertEquals(Assert.java:463)
at com.cm.qa.testcases.CommercialsPageTests.addSubServiceTest(CommercialsPageTests.java:93)
at sun.reflect.NativeMethodAccessorImpl.invoke0(Native Method)
at sun.reflect.NativeMethodAccessorImpl.invoke(Unknown Source)
at sun.reflect.DelegatingMethodAccessorImpl.invoke(Unknown Source)
at java.lang.reflect.Method.invoke(Unknown Source)
at org.testng.internal.MethodInvocationHelper.invokeMethod(MethodInvocationHelper.java:124)
at org.testng.internal.Invoker.invokeMethod(Invoker.java:583)
at org.testng.internal.Invoker.invokeTestMethod(Invoker.java:719)
at org.testng.internal.Invoker.invokeTestMethods(Invoker.java:989)
at org.testng.internal.TestMethodWorker.invokeTestMethods(TestMethodWorker.java:125)
at org.testng.internal.TestMethodWorker.run(TestMethodWorker.java:109)
at org.testng.TestRunner.privateRun(TestRunner.java:648)
at org.testng.TestRunner.run(TestRunner.java:505)
at org.testng.SuiteRunner.runTest(SuiteRunner.java:455)
at org.testng.SuiteRunner.runSequentially(SuiteRunner.java:450)
at org.testng.SuiteRunner.privateRun(SuiteRunner.java:415)
at org.testng.SuiteRunner.run(SuiteRunner.java:364)
at org.testng.SuiteRunnerWorker.runSuite(SuiteRunnerWorker.java:52)
at org.testng.SuiteRunnerWorker.run(SuiteRunnerWorker.java:84)
at org.testng.TestNG.runSuitesSequentially(TestNG.java:1208)
at org.testng.TestNG.runSuitesLocally(TestNG.java:1137)
at org.testng.TestNG.runSuites(TestNG.java:1049)
at org.testng.TestNG.run(TestNG.java:1017)
at org.testng.remote.AbstractRemoteTestNG.run(AbstractRemoteTestNG.java:115)
at org.testng.remote.RemoteTestNG.initAndRun(RemoteTestNG.java:251)
at org.testng.remote.RemoteTestNG.main(RemoteTestNG.java:77)
]]>
    </failure>
  </testcase> <!-- addSubServiceTest -->
  <testcase name="addProjectTest" time="26.547" classname="com.cm.qa.testcases.CommercialsPageTests"/>
  <testcase name="addFixedFeeTest" time="35.685" classname="com.cm.qa.testcases.CommercialsPageTests"/>
  <testcase name="addFixedFeeTest" time="37.611" classname="com.cm.qa.testcases.CommercialsPageTests"/>
  <testcase name="addMinimumBillingTest" time="37.142" classname="com.cm.qa.testcases.CommercialsPageTests"/>
  <testcase name="addMinimumBillingTest" time="38.413" classname="com.cm.qa.testcases.CommercialsPageTests"/>
  <testcase name="editTransactionRateStandardTest" time="27.036" classname="com.cm.qa.testcases.CommercialsPageTests"/>
  <testcase name="copyTransactionRateStandardTest" time="25.609" classname="com.cm.qa.testcases.CommercialsPageTests"/>
  <testcase name="deleteTransactionRateStandardTest" time="25.967" classname="com.cm.qa.testcases.CommercialsPageTests"/>
  <testcase name="editTransactionRateVolumeTest" time="40.933" classname="com.cm.qa.testcases.CommercialsPageTests">
    <error type="org.openqa.selenium.InvalidElementStateException" message="Element is disabled: &lt;input id=&quot;mat-input-21&quot; class=&quot;mat-input-element mat-form-field-autofill-control cdk-text-field-autofill-monitored ng-untouched ng-pristine&quot;&gt;
Build info: version: &#039;3.14.0&#039;, revision: &#039;aacccce0&#039;, time: &#039;2018-08-02T20:19:58.91Z&#039;
System info: host: &#039;SBR-DEVPQA-12&#039;, ip: &#039;10.182.106.119&#039;, os.name: &#039;Windows 10&#039;, os.arch: &#039;amd64&#039;, os.version: &#039;10.0&#039;, java.version: &#039;1.8.0_112&#039;
Driver info: org.openqa.selenium.firefox.FirefoxDriver
Capabilities {acceptInsecureCerts: true, browserName: firefox, browserVersion: 69.0, javascriptEnabled: true, moz:accessibilityChecks: false, moz:buildID: 20190827005903, moz:geckodriverVersion: 0.24.0, moz:headless: false, moz:processID: 21772, moz:profile: C:\Users\subhash.bhatewera\..., moz:shutdownTimeout: 60000, moz:useNonSpecCompliantPointerOrigin: false, moz:webdriverClick: true, pageLoadStrategy: normal, platform: WINDOWS, platformName: WINDOWS, platformVersion: 10.0, rotatable: false, setWindowRect: true, strictFileInteractability: false, timeouts: {implicit: 0, pageLoad: 300000, script: 30000}, unhandledPromptBehavior: dismiss and notify}
Session ID: 0a7605a2-cfdc-45fc-8ae4-656e3ed7e2c0">
      <![CDATA[org.openqa.selenium.InvalidElementStateException: Element is disabled: <input id="mat-input-21" class="mat-input-element mat-form-field-autofill-control cdk-text-field-autofill-monitored ng-untouched ng-pristine">
Build info: version: '3.14.0', revision: 'aacccce0', time: '2018-08-02T20:19:58.91Z'
System info: host: 'SBR-DEVPQA-12', ip: '10.182.106.119', os.name: 'Windows 10', os.arch: 'amd64', os.version: '10.0', java.version: '1.8.0_112'
Driver info: org.openqa.selenium.firefox.FirefoxDriver
Capabilities {acceptInsecureCerts: true, browserName: firefox, browserVersion: 69.0, javascriptEnabled: true, moz:accessibilityChecks: false, moz:buildID: 20190827005903, moz:geckodriverVersion: 0.24.0, moz:headless: false, moz:processID: 21772, moz:profile: C:\Users\subhash.bhatewera\..., moz:shutdownTimeout: 60000, moz:useNonSpecCompliantPointerOrigin: false, moz:webdriverClick: true, pageLoadStrategy: normal, platform: WINDOWS, platformName: WINDOWS, platformVersion: 10.0, rotatable: false, setWindowRect: true, strictFileInteractability: false, timeouts: {implicit: 0, pageLoad: 300000, script: 30000}, unhandledPromptBehavior: dismiss and notify}
Session ID: 0a7605a2-cfdc-45fc-8ae4-656e3ed7e2c0
at sun.reflect.NativeConstructorAccessorImpl.newInstance0(Native Method)
at sun.reflect.NativeConstructorAccessorImpl.newInstance(Unknown Source)
at sun.reflect.DelegatingConstructorAccessorImpl.newInstance(Unknown Source)
at java.lang.reflect.Constructor.newInstance(Unknown Source)
at org.openqa.selenium.remote.http.W3CHttpResponseCodec.createException(W3CHttpResponseCodec.java:187)
at org.openqa.selenium.remote.http.W3CHttpResponseCodec.decode(W3CHttpResponseCodec.java:122)
at org.openqa.selenium.remote.http.W3CHttpResponseCodec.decode(W3CHttpResponseCodec.java:49)
at org.openqa.selenium.remote.HttpCommandExecutor.execute(HttpCommandExecutor.java:158)
at org.openqa.selenium.remote.service.DriverCommandExecutor.execute(DriverCommandExecutor.java:83)
at org.openqa.selenium.remote.RemoteWebDriver.execute(RemoteWebDriver.java:548)
at org.openqa.selenium.remote.RemoteWebElement.execute(RemoteWebElement.java:276)
at org.openqa.selenium.remote.RemoteWebElement.clear(RemoteWebElement.java:118)
at sun.reflect.GeneratedMethodAccessor5.invoke(Unknown Source)
at sun.reflect.DelegatingMethodAccessorImpl.invoke(Unknown Source)
at java.lang.reflect.Method.invoke(Unknown Source)
at org.openqa.selenium.support.pagefactory.internal.LocatingElementHandler.invoke(LocatingElementHandler.java:51)
at com.sun.proxy.$Proxy10.clear(Unknown Source)
at cm.cm.qa.base.TestBase.writeText(TestBase.java:75)
at com.cm.qa.pages.CommercialsPage.enterLowerTier(CommercialsPage.java:485)
at com.cm.qa.testcases.CommercialsPageTests.editTransactionRateVolumeTest(CommercialsPageTests.java:223)
at sun.reflect.NativeMethodAccessorImpl.invoke0(Native Method)
at sun.reflect.NativeMethodAccessorImpl.invoke(Unknown Source)
at sun.reflect.DelegatingMethodAccessorImpl.invoke(Unknown Source)
at java.lang.reflect.Method.invoke(Unknown Source)
at org.testng.internal.MethodInvocationHelper.invokeMethod(MethodInvocationHelper.java:124)
at org.testng.internal.Invoker.invokeMethod(Invoker.java:583)
at org.testng.internal.Invoker.invokeTestMethod(Invoker.java:719)
at org.testng.internal.Invoker.invokeTestMethods(Invoker.java:989)
at org.testng.internal.TestMethodWorker.invokeTestMethods(TestMethodWorker.java:125)
at org.testng.internal.TestMethodWorker.run(TestMethodWorker.java:109)
at org.testng.TestRunner.privateRun(TestRunner.java:648)
at org.testng.TestRunner.run(TestRunner.java:505)
at org.testng.SuiteRunner.runTest(SuiteRunner.java:455)
at org.testng.SuiteRunner.runSequentially(SuiteRunner.java:450)
at org.testng.SuiteRunner.privateRun(SuiteRunner.java:415)
at org.testng.SuiteRunner.run(SuiteRunner.java:364)
at org.testng.SuiteRunnerWorker.runSuite(SuiteRunnerWorker.java:52)
at org.testng.SuiteRunnerWorker.run(SuiteRunnerWorker.java:84)
at org.testng.TestNG.runSuitesSequentially(TestNG.java:1208)
at org.testng.TestNG.runSuitesLocally(TestNG.java:1137)
at org.testng.TestNG.runSuites(TestNG.java:1049)
at org.testng.TestNG.run(TestNG.java:1017)
at org.testng.remote.AbstractRemoteTestNG.run(AbstractRemoteTestNG.java:115)
at org.testng.remote.RemoteTestNG.initAndRun(RemoteTestNG.java:251)
at org.testng.remote.RemoteTestNG.main(RemoteTestNG.java:77)
]]>
    </error>
  </testcase> <!-- editTransactionRateVolumeTest -->
  <testcase name="copyTransactionRateVolumeTest" time="22.443" classname="com.cm.qa.testcases.CommercialsPageTests"/>
  <testcase name="deleteTransactionRateVolumeTest" time="26.355" classname="com.cm.qa.testcases.CommercialsPageTests"/>
  <testcase name="editTimeAndMaterialModelTest" time="34.766" classname="com.cm.qa.testcases.CommercialsPageTests">
    <error type="org.openqa.selenium.InvalidElementStateException" message="Element is disabled: &lt;input id=&quot;mat-input-19&quot; class=&quot;mat-input-element mat-form-field-autofill-control cdk-text-field-autofill-monitored ng-untouched ng-pristine&quot;&gt;
Build info: version: &#039;3.14.0&#039;, revision: &#039;aacccce0&#039;, time: &#039;2018-08-02T20:19:58.91Z&#039;
System info: host: &#039;SBR-DEVPQA-12&#039;, ip: &#039;10.182.106.119&#039;, os.name: &#039;Windows 10&#039;, os.arch: &#039;amd64&#039;, os.version: &#039;10.0&#039;, java.version: &#039;1.8.0_112&#039;
Driver info: org.openqa.selenium.firefox.FirefoxDriver
Capabilities {acceptInsecureCerts: true, browserName: firefox, browserVersion: 69.0, javascriptEnabled: true, moz:accessibilityChecks: false, moz:buildID: 20190827005903, moz:geckodriverVersion: 0.24.0, moz:headless: false, moz:processID: 6528, moz:profile: C:\Users\subhash.bhatewera\..., moz:shutdownTimeout: 60000, moz:useNonSpecCompliantPointerOrigin: false, moz:webdriverClick: true, pageLoadStrategy: normal, platform: WINDOWS, platformName: WINDOWS, platformVersion: 10.0, rotatable: false, setWindowRect: true, strictFileInteractability: false, timeouts: {implicit: 0, pageLoad: 300000, script: 30000}, unhandledPromptBehavior: dismiss and notify}
Session ID: 0d892757-501a-461f-a282-d80489da64da">
      <![CDATA[org.openqa.selenium.InvalidElementStateException: Element is disabled: <input id="mat-input-19" class="mat-input-element mat-form-field-autofill-control cdk-text-field-autofill-monitored ng-untouched ng-pristine">
Build info: version: '3.14.0', revision: 'aacccce0', time: '2018-08-02T20:19:58.91Z'
System info: host: 'SBR-DEVPQA-12', ip: '10.182.106.119', os.name: 'Windows 10', os.arch: 'amd64', os.version: '10.0', java.version: '1.8.0_112'
Driver info: org.openqa.selenium.firefox.FirefoxDriver
Capabilities {acceptInsecureCerts: true, browserName: firefox, browserVersion: 69.0, javascriptEnabled: true, moz:accessibilityChecks: false, moz:buildID: 20190827005903, moz:geckodriverVersion: 0.24.0, moz:headless: false, moz:processID: 6528, moz:profile: C:\Users\subhash.bhatewera\..., moz:shutdownTimeout: 60000, moz:useNonSpecCompliantPointerOrigin: false, moz:webdriverClick: true, pageLoadStrategy: normal, platform: WINDOWS, platformName: WINDOWS, platformVersion: 10.0, rotatable: false, setWindowRect: true, strictFileInteractability: false, timeouts: {implicit: 0, pageLoad: 300000, script: 30000}, unhandledPromptBehavior: dismiss and notify}
Session ID: 0d892757-501a-461f-a282-d80489da64da
at sun.reflect.NativeConstructorAccessorImpl.newInstance0(Native Method)
at sun.reflect.NativeConstructorAccessorImpl.newInstance(Unknown Source)
at sun.reflect.DelegatingConstructorAccessorImpl.newInstance(Unknown Source)
at java.lang.reflect.Constructor.newInstance(Unknown Source)
at org.openqa.selenium.remote.http.W3CHttpResponseCodec.createException(W3CHttpResponseCodec.java:187)
at org.openqa.selenium.remote.http.W3CHttpResponseCodec.decode(W3CHttpResponseCodec.java:122)
at org.openqa.selenium.remote.http.W3CHttpResponseCodec.decode(W3CHttpResponseCodec.java:49)
at org.openqa.selenium.remote.HttpCommandExecutor.execute(HttpCommandExecutor.java:158)
at org.openqa.selenium.remote.service.DriverCommandExecutor.execute(DriverCommandExecutor.java:83)
at org.openqa.selenium.remote.RemoteWebDriver.execute(RemoteWebDriver.java:548)
at org.openqa.selenium.remote.RemoteWebElement.execute(RemoteWebElement.java:276)
at org.openqa.selenium.remote.RemoteWebElement.clear(RemoteWebElement.java:118)
at sun.reflect.GeneratedMethodAccessor5.invoke(Unknown Source)
at sun.reflect.DelegatingMethodAccessorImpl.invoke(Unknown Source)
at java.lang.reflect.Method.invoke(Unknown Source)
at org.openqa.selenium.support.pagefactory.internal.LocatingElementHandler.invoke(LocatingElementHandler.java:51)
at com.sun.proxy.$Proxy10.clear(Unknown Source)
at cm.cm.qa.base.TestBase.writeText(TestBase.java:75)
at com.cm.qa.pages.CommercialsPage.enterTableDescription(CommercialsPage.java:552)
at com.cm.qa.testcases.CommercialsPageTests.editTimeAndMaterialModelTest(CommercialsPageTests.java:261)
at sun.reflect.NativeMethodAccessorImpl.invoke0(Native Method)
at sun.reflect.NativeMethodAccessorImpl.invoke(Unknown Source)
at sun.reflect.DelegatingMethodAccessorImpl.invoke(Unknown Source)
at java.lang.reflect.Method.invoke(Unknown Source)
at org.testng.internal.MethodInvocationHelper.invokeMethod(MethodInvocationHelper.java:124)
at org.testng.internal.Invoker.invokeMethod(Invoker.java:583)
at org.testng.internal.Invoker.invokeTestMethod(Invoker.java:719)
at org.testng.internal.Invoker.invokeTestMethods(Invoker.java:989)
at org.testng.internal.TestMethodWorker.invokeTestMethods(TestMethodWorker.java:125)
at org.testng.internal.TestMethodWorker.run(TestMethodWorker.java:109)
at org.testng.TestRunner.privateRun(TestRunner.java:648)
at org.testng.TestRunner.run(TestRunner.java:505)
at org.testng.SuiteRunner.runTest(SuiteRunner.java:455)
at org.testng.SuiteRunner.runSequentially(SuiteRunner.java:450)
at org.testng.SuiteRunner.privateRun(SuiteRunner.java:415)
at org.testng.SuiteRunner.run(SuiteRunner.java:364)
at org.testng.SuiteRunnerWorker.runSuite(SuiteRunnerWorker.java:52)
at org.testng.SuiteRunnerWorker.run(SuiteRunnerWorker.java:84)
at org.testng.TestNG.runSuitesSequentially(TestNG.java:1208)
at org.testng.TestNG.runSuitesLocally(TestNG.java:1137)
at org.testng.TestNG.runSuites(TestNG.java:1049)
at org.testng.TestNG.run(TestNG.java:1017)
at org.testng.remote.AbstractRemoteTestNG.run(AbstractRemoteTestNG.java:115)
at org.testng.remote.RemoteTestNG.initAndRun(RemoteTestNG.java:251)
at org.testng.remote.RemoteTestNG.main(RemoteTestNG.java:77)
]]>
    </error>
  </testcase> <!-- editTimeAndMaterialModelTest -->
  <testcase name="copyTimeAndMaterialModelTest" time="24.360" classname="com.cm.qa.testcases.CommercialsPageTests"/>
  <testcase name="deleteTimeAndMaterialModelTest" time="24.806" classname="com.cm.qa.testcases.CommercialsPageTests"/>
  <testcase name="editFixedFeeTest" time="27.134" classname="com.cm.qa.testcases.CommercialsPageTests"/>
  <testcase name="copyFixedFeeTest" time="23.259" classname="com.cm.qa.testcases.CommercialsPageTests"/>
  <testcase name="deleteFixedFeeTest" time="25.572" classname="com.cm.qa.testcases.CommercialsPageTests"/>
  <testcase name="editMinimumBillingTest" time="26.937" classname="com.cm.qa.testcases.CommercialsPageTests"/>
  <testcase name="copyMinimumBillingTest" time="24.023" classname="com.cm.qa.testcases.CommercialsPageTests"/>
  <testcase name="deleteMinimumBillingTest" time="24.807" classname="com.cm.qa.testcases.CommercialsPageTests"/>
  <testcase name="addGeneralTermsTest" classname="com.cm.qa.testcases.CommercialsPageTests">
    <skipped/>
  </testcase> <!-- addGeneralTermsTest -->
  <testcase name="addUOMTest" classname="com.cm.qa.testcases.CommercialsPageTests">
    <skipped/>
  </testcase> <!-- addUOMTest -->
  <testcase name="addTimeAndMaterialModelTest" classname="com.cm.qa.testcases.CommercialsPageTests">
    <skipped/>
  </testcase> <!-- addTimeAndMaterialModelTest -->
  <testcase name="addTransactionRateVolumeTest" classname="com.cm.qa.testcases.CommercialsPageTests">
    <skipped/>
  </testcase> <!-- addTransactionRateVolumeTest -->
  <testcase name="addLinkedOpportunityTest" classname="com.cm.qa.testcases.CommercialsPageTests">
    <skipped/>
  </testcase> <!-- addLinkedOpportunityTest -->
  <testcase name="addTransactionRateStandardTest" classname="com.cm.qa.testcases.CommercialsPageTests">
    <skipped/>
  </testcase> <!-- addTransactionRateStandardTest -->
</testsuite> <!-- com.cm.qa.testcases.CommercialsPageTests -->
