<?xml version="1.0" encoding="UTF-8"?>
<!-- Generated by org.testng.reporters.JUnitReportReporter -->
<testsuite skipped="0" hostname="SBR-DEVPQA-12" name="com.cm.qa.testcases.UsernamePageTests" tests="4" failures="0" timestamp="30 Jul 2019 07:12:58 GMT" time="56.418" errors="0">
  <testcase name="usernameScreenCMLogoImageTest" time="14.750" classname="com.cm.qa.testcases.UsernamePageTests"/>
  <testcase name="blankUsernameTest" time="13.942" classname="com.cm.qa.testcases.UsernamePageTests"/>
  <testcase name="validUsernameTest" time="13.929" classname="com.cm.qa.testcases.UsernamePageTests"/>
  <testcase name="verifyFooterText" time="13.797" classname="com.cm.qa.testcases.UsernamePageTests"/>
</testsuite> <!-- com.cm.qa.testcases.UsernamePageTests -->
