<?xml version="1.0" encoding="UTF-8"?>
<!-- Generated by org.testng.reporters.JUnitReportReporter -->
<testsuite skipped="0" hostname="SBR-DEVPQA-12" name="com.cm.qa.testcases.OtherCommercialTermsPageTests" tests="17" failures="0" timestamp="16 Sep 2019 13:25:41 GMT" time="520.496" errors="0">
  <testcase name="addCOLATest" time="28.215" classname="com.cm.qa.testcases.OtherCommercialTermsPageTests"/>
  <testcase name="addCOLATest" time="28.630" classname="com.cm.qa.testcases.OtherCommercialTermsPageTests"/>
  <testcase name="addCOLATest" time="28.125" classname="com.cm.qa.testcases.OtherCommercialTermsPageTests"/>
  <testcase name="addIncentiveTest" time="30.609" classname="com.cm.qa.testcases.OtherCommercialTermsPageTests"/>
  <testcase name="addIncentiveTest" time="32.261" classname="com.cm.qa.testcases.OtherCommercialTermsPageTests"/>
  <testcase name="addIncentiveTest" time="30.748" classname="com.cm.qa.testcases.OtherCommercialTermsPageTests"/>
  <testcase name="addPenaltyTest" time="31.350" classname="com.cm.qa.testcases.OtherCommercialTermsPageTests"/>
  <testcase name="addPenaltyTest" time="31.415" classname="com.cm.qa.testcases.OtherCommercialTermsPageTests"/>
  <testcase name="addEarlyPaymentDiscountTest" time="31.297" classname="com.cm.qa.testcases.OtherCommercialTermsPageTests"/>
  <testcase name="addEarlyPaymentDiscountTest" time="32.016" classname="com.cm.qa.testcases.OtherCommercialTermsPageTests"/>
  <testcase name="addEarlyPaymentDiscountTest" time="34.156" classname="com.cm.qa.testcases.OtherCommercialTermsPageTests"/>
  <testcase name="addLatePaymentFeeTest" time="30.532" classname="com.cm.qa.testcases.OtherCommercialTermsPageTests"/>
  <testcase name="addLatePaymentFeeTest" time="29.648" classname="com.cm.qa.testcases.OtherCommercialTermsPageTests"/>
  <testcase name="addLatePaymentFeeTest" time="29.531" classname="com.cm.qa.testcases.OtherCommercialTermsPageTests"/>
  <testcase name="addTerminationTest" time="32.476" classname="com.cm.qa.testcases.OtherCommercialTermsPageTests"/>
  <testcase name="addTerminationTest" time="32.370" classname="com.cm.qa.testcases.OtherCommercialTermsPageTests"/>
  <testcase name="addLimitationOfLiabilityTest" time="27.117" classname="com.cm.qa.testcases.OtherCommercialTermsPageTests"/>
</testsuite> <!-- com.cm.qa.testcases.OtherCommercialTermsPageTests -->
