<?xml version="1.0" encoding="UTF-8"?>
<!-- Generated by org.testng.reporters.JUnitReportReporter -->
<testsuite skipped="0" hostname="DESKTOP-KAC3CU8" name="com.cm.qa.testcases.DashboardPageTests" tests="4" failures="0" timestamp="21 Dec 2019 02:45:42 GMT" time="11.542" errors="0">
  <testcase name="verifyLandingPageTest" time="4.787" classname="com.cm.qa.testcases.DashboardPageTests"/>
  <testcase name="validateContractListLinkTest" time="4.379" classname="com.cm.qa.testcases.DashboardPageTests"/>
  <testcase name="validateDocSearchLinkTest" time="1.562" classname="com.cm.qa.testcases.DashboardPageTests"/>
  <testcase name="validateNotificationLinkTest" time="0.814" classname="com.cm.qa.testcases.DashboardPageTests"/>
</testsuite> <!-- com.cm.qa.testcases.DashboardPageTests -->
