<?xml version="1.0" encoding="UTF-8"?>
<!-- Generated by org.testng.reporters.JUnitReportReporter -->
<testsuite skipped="0" hostname="SBR-DEVPQA-12" name="com.cm.qa.testcases.PasswordPageTests" tests="5" failures="0" timestamp="17 Jan 2020 12:17:42 GMT" time="7.321" errors="0">
  <testcase name="verifyUsernameLabelTest" time="0.105" classname="com.cm.qa.testcases.PasswordPageTests"/>
  <testcase name="blankPasswordTest" time="0.576" classname="com.cm.qa.testcases.PasswordPageTests"/>
  <testcase name="invalidPasswordTest" time="4.530" classname="com.cm.qa.testcases.PasswordPageTests"/>
  <testcase name="verifyPasswordScreenFooterTextTest" time="0.056" classname="com.cm.qa.testcases.PasswordPageTests"/>
  <testcase name="validPasswordTest" time="2.054" classname="com.cm.qa.testcases.PasswordPageTests"/>
</testsuite> <!-- com.cm.qa.testcases.PasswordPageTests -->
