<?xml version="1.0" encoding="UTF-8"?>
<!-- Generated by org.testng.reporters.JUnitReportReporter -->
<testsuite skipped="0" hostname="SBR-DEVPQA-12" name="com.cm.qa.testcases.OtherCommercialTermsPageTests" tests="17" failures="0" timestamp="23 Dec 2019 06:01:56 GMT" time="421.716" errors="1">
  <testcase name="addCOLATest" time="4.736" classname="com.cm.qa.testcases.OtherCommercialTermsPageTests">
    <error type="org.openqa.selenium.ElementClickInterceptedException" message="element click intercepted: Element &lt;button class=&quot;sidenav-toggle-btn mat-icon-button ng-star-inserted&quot; mat-icon-button=&quot;&quot;&gt;...&lt;/button&gt; is not clickable at point (100, 35). Other element would receive the click: &lt;div _ngcontent-c1=&quot;&quot; class=&quot;loading-wrap&quot;&gt;...&lt;/div&gt;
  (Session info: chrome=79.0.3945.88)
Build info: version: &#039;3.14.0&#039;, revision: &#039;aacccce0&#039;, time: &#039;2018-08-02T20:19:58.91Z&#039;
System info: host: &#039;SBR-DEVPQA-12&#039;, ip: &#039;10.182.106.119&#039;, os.name: &#039;Windows 10&#039;, os.arch: &#039;amd64&#039;, os.version: &#039;10.0&#039;, java.version: &#039;1.8.0_112&#039;
Driver info: org.openqa.selenium.chrome.ChromeDriver
Capabilities {acceptInsecureCerts: false, browserName: chrome, browserVersion: 79.0.3945.88, chrome: {chromedriverVersion: 79.0.3945.36 (3582db32b3389..., userDataDir: C:\Users\SUBHAS~1.BHA\AppDa...}, goog:chromeOptions: {debuggerAddress: localhost:51698}, javascriptEnabled: true, networkConnectionEnabled: false, pageLoadStrategy: normal, platform: WINDOWS, platformName: WINDOWS, proxy: Proxy(), setWindowRect: true, strictFileInteractability: false, timeouts: {implicit: 0, pageLoad: 300000, script: 30000}, unhandledPromptBehavior: dismiss and notify}
Session ID: 7f5e884547386a47f853e65fb0d93964">
      <![CDATA[org.openqa.selenium.ElementClickInterceptedException: element click intercepted: Element <button class="sidenav-toggle-btn mat-icon-button ng-star-inserted" mat-icon-button="">...</button> is not clickable at point (100, 35). Other element would receive the click: <div _ngcontent-c1="" class="loading-wrap">...</div>
  (Session info: chrome=79.0.3945.88)
Build info: version: '3.14.0', revision: 'aacccce0', time: '2018-08-02T20:19:58.91Z'
System info: host: 'SBR-DEVPQA-12', ip: '10.182.106.119', os.name: 'Windows 10', os.arch: 'amd64', os.version: '10.0', java.version: '1.8.0_112'
Driver info: org.openqa.selenium.chrome.ChromeDriver
Capabilities {acceptInsecureCerts: false, browserName: chrome, browserVersion: 79.0.3945.88, chrome: {chromedriverVersion: 79.0.3945.36 (3582db32b3389..., userDataDir: C:\Users\SUBHAS~1.BHA\AppDa...}, goog:chromeOptions: {debuggerAddress: localhost:51698}, javascriptEnabled: true, networkConnectionEnabled: false, pageLoadStrategy: normal, platform: WINDOWS, platformName: WINDOWS, proxy: Proxy(), setWindowRect: true, strictFileInteractability: false, timeouts: {implicit: 0, pageLoad: 300000, script: 30000}, unhandledPromptBehavior: dismiss and notify}
Session ID: 7f5e884547386a47f853e65fb0d93964
at sun.reflect.NativeConstructorAccessorImpl.newInstance0(Native Method)
at sun.reflect.NativeConstructorAccessorImpl.newInstance(Unknown Source)
at sun.reflect.DelegatingConstructorAccessorImpl.newInstance(Unknown Source)
at java.lang.reflect.Constructor.newInstance(Unknown Source)
at org.openqa.selenium.remote.http.W3CHttpResponseCodec.createException(W3CHttpResponseCodec.java:187)
at org.openqa.selenium.remote.http.W3CHttpResponseCodec.decode(W3CHttpResponseCodec.java:122)
at org.openqa.selenium.remote.http.W3CHttpResponseCodec.decode(W3CHttpResponseCodec.java:49)
at org.openqa.selenium.remote.HttpCommandExecutor.execute(HttpCommandExecutor.java:158)
at org.openqa.selenium.remote.service.DriverCommandExecutor.execute(DriverCommandExecutor.java:83)
at org.openqa.selenium.remote.RemoteWebDriver.execute(RemoteWebDriver.java:548)
at org.openqa.selenium.remote.RemoteWebElement.execute(RemoteWebElement.java:276)
at org.openqa.selenium.remote.RemoteWebElement.click(RemoteWebElement.java:83)
at sun.reflect.GeneratedMethodAccessor2.invoke(Unknown Source)
at sun.reflect.DelegatingMethodAccessorImpl.invoke(Unknown Source)
at java.lang.reflect.Method.invoke(Unknown Source)
at org.openqa.selenium.support.pagefactory.internal.LocatingElementHandler.invoke(LocatingElementHandler.java:51)
at com.sun.proxy.$Proxy10.click(Unknown Source)
at cm.cm.qa.base.ActionClass.clickElement(ActionClass.java:89)
at com.cm.qa.pages.DashboardPage.clickOnContractListLink(DashboardPage.java:57)
at com.cm.qa.pages.DashboardPage.gotoContractListPage(DashboardPage.java:64)
at com.cm.qa.testcases.OtherCommercialTermsPageTests.addCOLATest(OtherCommercialTermsPageTests.java:36)
at sun.reflect.NativeMethodAccessorImpl.invoke0(Native Method)
at sun.reflect.NativeMethodAccessorImpl.invoke(Unknown Source)
at sun.reflect.DelegatingMethodAccessorImpl.invoke(Unknown Source)
at java.lang.reflect.Method.invoke(Unknown Source)
at org.testng.internal.MethodInvocationHelper.invokeMethod(MethodInvocationHelper.java:124)
at org.testng.internal.Invoker.invokeMethod(Invoker.java:583)
at org.testng.internal.Invoker.invokeTestMethod(Invoker.java:719)
at org.testng.internal.Invoker.invokeTestMethods(Invoker.java:989)
at org.testng.internal.TestMethodWorker.invokeTestMethods(TestMethodWorker.java:125)
at org.testng.internal.TestMethodWorker.run(TestMethodWorker.java:109)
at org.testng.TestRunner.privateRun(TestRunner.java:648)
at org.testng.TestRunner.run(TestRunner.java:505)
at org.testng.SuiteRunner.runTest(SuiteRunner.java:455)
at org.testng.SuiteRunner.runSequentially(SuiteRunner.java:450)
at org.testng.SuiteRunner.privateRun(SuiteRunner.java:415)
at org.testng.SuiteRunner.run(SuiteRunner.java:364)
at org.testng.SuiteRunnerWorker.runSuite(SuiteRunnerWorker.java:52)
at org.testng.SuiteRunnerWorker.run(SuiteRunnerWorker.java:84)
at org.testng.TestNG.runSuitesSequentially(TestNG.java:1208)
at org.testng.TestNG.runSuitesLocally(TestNG.java:1137)
at org.testng.TestNG.runSuites(TestNG.java:1049)
at org.testng.TestNG.run(TestNG.java:1017)
at org.testng.remote.AbstractRemoteTestNG.run(AbstractRemoteTestNG.java:115)
at org.testng.remote.RemoteTestNG.initAndRun(RemoteTestNG.java:251)
at org.testng.remote.RemoteTestNG.main(RemoteTestNG.java:77)
]]>
    </error>
  </testcase> <!-- addCOLATest -->
  <testcase name="addCOLATest" time="24.554" classname="com.cm.qa.testcases.OtherCommercialTermsPageTests"/>
  <testcase name="addCOLATest" time="26.394" classname="com.cm.qa.testcases.OtherCommercialTermsPageTests"/>
  <testcase name="addIncentiveTest" time="29.285" classname="com.cm.qa.testcases.OtherCommercialTermsPageTests"/>
  <testcase name="addIncentiveTest" time="27.531" classname="com.cm.qa.testcases.OtherCommercialTermsPageTests"/>
  <testcase name="addIncentiveTest" time="26.970" classname="com.cm.qa.testcases.OtherCommercialTermsPageTests"/>
  <testcase name="addPenaltyTest" time="26.775" classname="com.cm.qa.testcases.OtherCommercialTermsPageTests"/>
  <testcase name="addPenaltyTest" time="26.539" classname="com.cm.qa.testcases.OtherCommercialTermsPageTests"/>
  <testcase name="addEarlyPaymentDiscountTest" time="27.472" classname="com.cm.qa.testcases.OtherCommercialTermsPageTests"/>
  <testcase name="addEarlyPaymentDiscountTest" time="28.390" classname="com.cm.qa.testcases.OtherCommercialTermsPageTests"/>
  <testcase name="addEarlyPaymentDiscountTest" time="27.739" classname="com.cm.qa.testcases.OtherCommercialTermsPageTests"/>
  <testcase name="addLatePaymentFeeTest" time="23.273" classname="com.cm.qa.testcases.OtherCommercialTermsPageTests"/>
  <testcase name="addLatePaymentFeeTest" time="23.470" classname="com.cm.qa.testcases.OtherCommercialTermsPageTests"/>
  <testcase name="addLatePaymentFeeTest" time="22.921" classname="com.cm.qa.testcases.OtherCommercialTermsPageTests"/>
  <testcase name="addTerminationTest" time="30.896" classname="com.cm.qa.testcases.OtherCommercialTermsPageTests"/>
  <testcase name="addTerminationTest" time="30.305" classname="com.cm.qa.testcases.OtherCommercialTermsPageTests"/>
  <testcase name="addLimitationOfLiabilityTest" time="14.466" classname="com.cm.qa.testcases.OtherCommercialTermsPageTests"/>
</testsuite> <!-- com.cm.qa.testcases.OtherCommercialTermsPageTests -->
