<?xml version="1.0" encoding="UTF-8"?>
<!-- Generated by org.testng.reporters.JUnitReportReporter -->
<testsuite skipped="0" hostname="DESKTOP-KAC3CU8" name="com.cm.qa.testcases.UsernamePageTests" tests="4" failures="0" timestamp="21 Oct 2019 19:43:14 GMT" time="1.665" errors="0">
  <testcase name="usernameScreenCMLogoImageTest" time="0.098" classname="com.cm.qa.testcases.UsernamePageTests"/>
  <testcase name="blankUsernameTest" time="0.880" classname="com.cm.qa.testcases.UsernamePageTests"/>
  <testcase name="verifyFooterText" time="0.120" classname="com.cm.qa.testcases.UsernamePageTests"/>
  <testcase name="validUsernameTest" time="0.567" classname="com.cm.qa.testcases.UsernamePageTests"/>
</testsuite> <!-- com.cm.qa.testcases.UsernamePageTests -->
