<?xml version="1.0" encoding="UTF-8"?>
<!-- Generated by org.testng.reporters.JUnitReportReporter -->
<testsuite skipped="0" hostname="SBR-DEVPQA-12" name="com.cm.qa.testcases.DashboardPageTests" tests="4" failures="0" timestamp="22 Jan 2020 08:35:11 GMT" time="7.885" errors="0">
  <testcase name="verifyLandingPageTest" time="3.361" classname="com.cm.qa.testcases.DashboardPageTests"/>
  <testcase name="validateContractListLinkTest" time="3.517" classname="com.cm.qa.testcases.DashboardPageTests"/>
  <testcase name="validateDocSearchLinkTest" time="0.457" classname="com.cm.qa.testcases.DashboardPageTests"/>
  <testcase name="validateNotificationLinkTest" time="0.550" classname="com.cm.qa.testcases.DashboardPageTests"/>
</testsuite> <!-- com.cm.qa.testcases.DashboardPageTests -->
