<?xml version="1.0" encoding="UTF-8"?>
<!-- Generated by org.testng.reporters.JUnitReportReporter -->
<testsuite skipped="0" hostname="SBR-DEVPQA-12" name="com.cm.qa.testcases.PasswordPageTests" tests="5" failures="0" timestamp="22 Jan 2020 08:35:11 GMT" time="8.594" errors="0">
  <testcase name="verifyUsernameLabelTest" time="0.074" classname="com.cm.qa.testcases.PasswordPageTests"/>
  <testcase name="blankPasswordTest" time="0.489" classname="com.cm.qa.testcases.PasswordPageTests"/>
  <testcase name="invalidPasswordTest" time="5.333" classname="com.cm.qa.testcases.PasswordPageTests"/>
  <testcase name="verifyPasswordScreenFooterTextTest" time="0.061" classname="com.cm.qa.testcases.PasswordPageTests"/>
  <testcase name="validPasswordTest" time="2.637" classname="com.cm.qa.testcases.PasswordPageTests"/>
</testsuite> <!-- com.cm.qa.testcases.PasswordPageTests -->
