<?xml version="1.0" encoding="UTF-8"?>
<!-- Generated by org.testng.reporters.JUnitReportReporter -->
<testsuite skipped="0" hostname="SBR-DEVPQA-12" name="com.cm.qa.testcases.UsernamePageTests" tests="4" failures="0" timestamp="22 Jan 2020 08:35:11 GMT" time="10.450" errors="0">
  <testcase name="usernameScreenCMLogoImageTest" time="0.078" classname="com.cm.qa.testcases.UsernamePageTests"/>
  <testcase name="blankUsernameTest" time="5.317" classname="com.cm.qa.testcases.UsernamePageTests"/>
  <testcase name="verifyUserNameScreenFooterText" time="0.057" classname="com.cm.qa.testcases.UsernamePageTests"/>
  <testcase name="validUsernameTest" time="4.998" classname="com.cm.qa.testcases.UsernamePageTests"/>
</testsuite> <!-- com.cm.qa.testcases.UsernamePageTests -->
